<?xml version="1.0" encoding="UTF-8"?>
<robot generator="Robot 5.0.1 (Python 3.8.10 on linux)" generated="20220530 21:06:38.766" rpa="false" schemaversion="3">
<suite id="s1" name="Cadastro Usuario Tests" source="/home/wilkeroliveira/Área de Trabalho/ze-code-challenge/Automação-WEB/tests/cadastro_usuario_tests.robot">
<test id="s1-t1" name="Caso de Teste 01 - Cadastro de usuário" line="9">
<kw name="Abrir o navegador" library="config" type="SETUP">
<kw name="Open Browser" library="SeleniumLibrary">
<arg>browser=${BROWSER}</arg>
<doc>Opens a new browser instance to the optional ``url``.</doc>
<msg timestamp="20220530 21:06:38.979" level="INFO">Opening browser 'chrome' to base url 'None'.</msg>
<status status="PASS" starttime="20220530 21:06:38.979" endtime="20220530 21:06:39.700"/>
</kw>
<kw name="Maximize Browser Window" library="SeleniumLibrary">
<doc>Maximizes current browser window.</doc>
<status status="PASS" starttime="20220530 21:06:39.700" endtime="20220530 21:06:39.825"/>
</kw>
<status status="PASS" starttime="20220530 21:06:38.979" endtime="20220530 21:06:39.826"/>
</kw>
<kw name="Set Variable" library="BuiltIn">
<var>${AGE}</var>
<arg>12122000</arg>
<doc>Returns the given values which can then be assigned to a variables.</doc>
<msg timestamp="20220530 21:06:39.827" level="INFO">${AGE} = 12122000</msg>
<status status="PASS" starttime="20220530 21:06:39.827" endtime="20220530 21:06:39.827"/>
</kw>
<kw name="Set Variable" library="BuiltIn">
<var>${PASSWORD}</var>
<arg>@Challenge123</arg>
<doc>Returns the given values which can then be assigned to a variables.</doc>
<msg timestamp="20220530 21:06:39.828" level="INFO">${PASSWORD} = @Challenge123</msg>
<status status="PASS" starttime="20220530 21:06:39.827" endtime="20220530 21:06:39.828"/>
</kw>
<kw name="Set Variable" library="BuiltIn">
<var>${DIGITFAKE}</var>
<arg>619</arg>
<doc>Returns the given values which can then be assigned to a variables.</doc>
<msg timestamp="20220530 21:06:39.828" level="INFO">${DIGITFAKE} = 619</msg>
<status status="PASS" starttime="20220530 21:06:39.828" endtime="20220530 21:06:39.828"/>
</kw>
<kw name="First Name" library="FakerLibrary">
<var>${FIRSTNAMEFAKE}</var>
<msg timestamp="20220530 21:06:39.829" level="INFO">${FIRSTNAMEFAKE} = Maria Cecília</msg>
<status status="PASS" starttime="20220530 21:06:39.828" endtime="20220530 21:06:39.829"/>
</kw>
<kw name="Last Name" library="FakerLibrary">
<var>${LASTNAMEFAKE}</var>
<msg timestamp="20220530 21:06:39.829" level="INFO">${LASTNAMEFAKE} = Caldeira</msg>
<status status="PASS" starttime="20220530 21:06:39.829" endtime="20220530 21:06:39.829"/>
</kw>
<kw name="Email" library="FakerLibrary">
<var>${MAILFAKE}</var>
<msg timestamp="20220530 21:06:39.829" level="INFO">${MAILFAKE} = evelynteixeira@example.net</msg>
<status status="PASS" starttime="20220530 21:06:39.829" endtime="20220530 21:06:39.830"/>
</kw>
<kw name="Cpf" library="FakerLibrary">
<var>${CPFFAKE}</var>
<msg timestamp="20220530 21:06:39.830" level="INFO">${CPFFAKE} = 513.796.248-19</msg>
<status status="PASS" starttime="20220530 21:06:39.830" endtime="20220530 21:06:39.830"/>
</kw>
<kw name="Random Number" library="FakerLibrary">
<var>${PHONEFAKE}</var>
<arg>digits=8</arg>
<arg>fix_len=8</arg>
<doc>Generate a random integer according to the following rules:</doc>
<msg timestamp="20220530 21:06:39.830" level="INFO">${PHONEFAKE} = 10554830</msg>
<status status="PASS" starttime="20220530 21:06:39.830" endtime="20220530 21:06:39.831"/>
</kw>
<kw name="Catenate" library="BuiltIn">
<var>${phoneNumber}</var>
<arg>${DIGITFAKE}${PHONEFAKE}</arg>
<doc>Catenates the given items together and returns the resulted string.</doc>
<msg timestamp="20220530 21:06:39.831" level="INFO">${phoneNumber} = 61910554830</msg>
<status status="PASS" starttime="20220530 21:06:39.831" endtime="20220530 21:06:39.831"/>
</kw>
<kw name="Catenate" library="BuiltIn">
<var>${nomeCliente}</var>
<arg>${FIRSTNAMEFAKE} ${LASTNAMEFAKE}</arg>
<doc>Catenates the given items together and returns the resulted string.</doc>
<msg timestamp="20220530 21:06:39.832" level="INFO">${nomeCliente} = Maria Cecília Caldeira</msg>
<status status="PASS" starttime="20220530 21:06:39.831" endtime="20220530 21:06:39.832"/>
</kw>
<kw name="Dado que estou na tela de login do Zé delivery" library="cadastro_usuario_resources">
<kw name="Ir para pagina do Ze" library="config">
<kw name="Go To" library="SeleniumLibrary">
<arg>url=${URl}</arg>
<doc>Navigates the current browser window to the provided ``url``.</doc>
<msg timestamp="20220530 21:06:39.833" level="INFO">Opening url 'https://www.ze.delivery/conta/entrar'</msg>
<status status="PASS" starttime="20220530 21:06:39.832" endtime="20220530 21:06:42.597"/>
</kw>
<status status="PASS" starttime="20220530 21:06:39.832" endtime="20220530 21:06:42.597"/>
</kw>
<status status="PASS" starttime="20220530 21:06:39.832" endtime="20220530 21:06:42.598"/>
</kw>
<kw name="Quando acessar a opção para cadastro de cliente" library="cadastro_usuario_resources">
<kw name="Quero cadastrar uma conta no Ze" library="kw_tela_login">
<kw name="Click Element" library="SeleniumLibrary">
<arg>${BTN_CRIAR_CONTA}</arg>
<doc>Click the element identified by ``locator``.</doc>
<msg timestamp="20220530 21:06:42.598" level="INFO">Clicking element 'id=create-account-link'.</msg>
<status status="PASS" starttime="20220530 21:06:42.598" endtime="20220530 21:06:42.653"/>
</kw>
<kw name="Wait Until Page Contains" library="SeleniumLibrary">
<arg>${TITLE_CRIAR_CONTA}</arg>
<doc>Waits until ``text`` appears on the current page.</doc>
<status status="PASS" starttime="20220530 21:06:42.653" endtime="20220530 21:06:42.664"/>
</kw>
<status status="PASS" starttime="20220530 21:06:42.598" endtime="20220530 21:06:42.664"/>
</kw>
<status status="PASS" starttime="20220530 21:06:42.598" endtime="20220530 21:06:42.664"/>
</kw>
<kw name="E preencho o formulario de cadastro" library="cadastro_usuario_resources">
<arg>${nomeCliente}</arg>
<arg>${MAILFAKE}</arg>
<arg>${PASSWORD}</arg>
<arg>${CPFFAKE}</arg>
<arg>${phoneNumber}</arg>
<arg>${AGE}</arg>
<kw name="Preencher formulario de cadastro de cliente" library="kw_tela_cadastro">
<arg>${nomeCliente}</arg>
<arg>${email}</arg>
<arg>${pass}</arg>
<arg>${cpf}</arg>
<arg>${phone}</arg>
<arg>${age}</arg>
<kw name="Wait Until Element Is Not Visible" library="SeleniumLibrary">
<arg>${BTN_CRIAR_CONTA}</arg>
<doc>Waits until the element ``locator`` is not visible.</doc>
<status status="PASS" starttime="20220530 21:06:42.665" endtime="20220530 21:06:42.671"/>
</kw>
<kw name="Input Text" library="SeleniumLibrary">
<arg>${INPUT_NAME}</arg>
<arg>${nome}</arg>
<doc>Types the given ``text`` into the text field identified by ``locator``.</doc>
<msg timestamp="20220530 21:06:42.672" level="INFO">Typing text 'Maria Cecília Caldeira' into text field 'id=signup-form-input-name'.</msg>
<status status="PASS" starttime="20220530 21:06:42.671" endtime="20220530 21:06:42.844"/>
</kw>
<kw name="Input Text" library="SeleniumLibrary">
<arg>${INPUT_EMAIL}</arg>
<arg>${email}</arg>
<doc>Types the given ``text`` into the text field identified by ``locator``.</doc>
<msg timestamp="20220530 21:06:42.844" level="INFO">Typing text 'evelynteixeira@example.net' into text field 'id=signup-form-input-email'.</msg>
<status status="PASS" starttime="20220530 21:06:42.844" endtime="20220530 21:06:42.959"/>
</kw>
<kw name="Input Text" library="SeleniumLibrary">
<arg>${INPUT_PASSWORD}</arg>
<arg>${pass}</arg>
<doc>Types the given ``text`` into the text field identified by ``locator``.</doc>
<msg timestamp="20220530 21:06:42.960" level="INFO">Typing text '@Challenge123' into text field 'id=signup-form-input-password'.</msg>
<status status="PASS" starttime="20220530 21:06:42.959" endtime="20220530 21:06:43.056"/>
</kw>
<kw name="Input Text" library="SeleniumLibrary">
<arg>${INPUT_DOCUMENT}</arg>
<arg>${document}</arg>
<doc>Types the given ``text`` into the text field identified by ``locator``.</doc>
<msg timestamp="20220530 21:06:43.056" level="INFO">Typing text '513.796.248-19' into text field 'id=signup-form-input-document'.</msg>
<status status="PASS" starttime="20220530 21:06:43.056" endtime="20220530 21:06:43.143"/>
</kw>
<kw name="Input Text" library="SeleniumLibrary">
<arg>${INPUT_PHONE}</arg>
<arg>${phone}</arg>
<doc>Types the given ``text`` into the text field identified by ``locator``.</doc>
<msg timestamp="20220530 21:06:43.144" level="INFO">Typing text '61910554830' into text field 'id=signup-form-input-phone'.</msg>
<status status="PASS" starttime="20220530 21:06:43.144" endtime="20220530 21:06:43.222"/>
</kw>
<kw name="Input Text" library="SeleniumLibrary">
<arg>${INPUT_AGE}</arg>
<arg>${idade}</arg>
<doc>Types the given ``text`` into the text field identified by ``locator``.</doc>
<msg timestamp="20220530 21:06:43.223" level="INFO">Typing text '12122000' into text field 'id=signup-form-input-age'.</msg>
<status status="PASS" starttime="20220530 21:06:43.222" endtime="20220530 21:06:43.303"/>
</kw>
<kw name="Realizar scroll da pagina" library="config">
<kw name="Execute Javascript" library="SeleniumLibrary">
<arg>window.scrollTo(100, document.body.scrollHeight)</arg>
<doc>Executes the given JavaScript code with possible arguments.</doc>
<msg timestamp="20220530 21:06:43.304" level="INFO">Executing JavaScript:
window.scrollTo(100, document.body.scrollHeight)
Without any arguments.</msg>
<status status="PASS" starttime="20220530 21:06:43.303" endtime="20220530 21:06:43.307"/>
</kw>
<kw name="Execute Javascript" library="SeleniumLibrary">
<arg>window.scrollTo(100, document.body.scrollHeight)</arg>
<doc>Executes the given JavaScript code with possible arguments.</doc>
<msg timestamp="20220530 21:06:43.308" level="INFO">Executing JavaScript:
window.scrollTo(100, document.body.scrollHeight)
Without any arguments.</msg>
<status status="PASS" starttime="20220530 21:06:43.307" endtime="20220530 21:06:43.310"/>
</kw>
<kw name="Sleep" library="BuiltIn">
<arg>1</arg>
<doc>Pauses the test executed for the given time.</doc>
<msg timestamp="20220530 21:06:44.310" level="INFO">Slept 1 second</msg>
<status status="PASS" starttime="20220530 21:06:43.310" endtime="20220530 21:06:44.310"/>
</kw>
<status status="PASS" starttime="20220530 21:06:43.303" endtime="20220530 21:06:44.311"/>
</kw>
<kw name="Select Checkbox" library="SeleniumLibrary">
<arg>${CHECKBOX_TERMS}</arg>
<doc>Selects the checkbox identified by ``locator``.</doc>
<msg timestamp="20220530 21:06:44.312" level="INFO">Selecting checkbox 'id=sign-up-form-input-terms'.</msg>
<status status="PASS" starttime="20220530 21:06:44.311" endtime="20220530 21:06:44.396"/>
</kw>
<status status="PASS" starttime="20220530 21:06:42.665" endtime="20220530 21:06:44.396"/>
</kw>
<status status="PASS" starttime="20220530 21:06:42.664" endtime="20220530 21:06:44.396"/>
</kw>
<kw name="E confirmar o envio do formulário" library="cadastro_usuario_resources">
<kw name="Confirmar cadastro de usuario" library="kw_tela_cadastro">
<kw name="Click Button" library="SeleniumLibrary">
<arg>${BTN_SIGNUP}</arg>
<doc>Clicks the button identified by ``locator``.</doc>
<msg timestamp="20220530 21:06:44.397" level="INFO">Clicking button 'id=signup-form-button-signup'.</msg>
<status status="PASS" starttime="20220530 21:06:44.396" endtime="20220530 21:06:44.446"/>
</kw>
<status status="PASS" starttime="20220530 21:06:44.396" endtime="20220530 21:06:44.446"/>
</kw>
<status status="PASS" starttime="20220530 21:06:44.396" endtime="20220530 21:06:44.446"/>
</kw>
<kw name="E acionar opção para validar o celular depois" library="cadastro_usuario_resources">
<kw name="Pular validacao de celular" library="kw_tela_cadastro">
<kw name="Wait Until Element Is Visible" library="SeleniumLibrary">
<arg>${BTN_VALIDATE_CEL}</arg>
<arg>10</arg>
<doc>Waits until the element ``locator`` is visible.</doc>
<status status="PASS" starttime="20220530 21:06:44.446" endtime="20220530 21:06:49.356"/>
</kw>
<kw name="Realizar scroll da pagina" library="config">
<kw name="Execute Javascript" library="SeleniumLibrary">
<arg>window.scrollTo(100, document.body.scrollHeight)</arg>
<doc>Executes the given JavaScript code with possible arguments.</doc>
<msg timestamp="20220530 21:06:49.357" level="INFO">Executing JavaScript:
window.scrollTo(100, document.body.scrollHeight)
Without any arguments.</msg>
<status status="PASS" starttime="20220530 21:06:49.357" endtime="20220530 21:06:49.360"/>
</kw>
<kw name="Execute Javascript" library="SeleniumLibrary">
<arg>window.scrollTo(100, document.body.scrollHeight)</arg>
<doc>Executes the given JavaScript code with possible arguments.</doc>
<msg timestamp="20220530 21:06:49.361" level="INFO">Executing JavaScript:
window.scrollTo(100, document.body.scrollHeight)
Without any arguments.</msg>
<status status="PASS" starttime="20220530 21:06:49.361" endtime="20220530 21:06:49.365"/>
</kw>
<kw name="Sleep" library="BuiltIn">
<arg>1</arg>
<doc>Pauses the test executed for the given time.</doc>
<msg timestamp="20220530 21:06:50.365" level="INFO">Slept 1 second</msg>
<status status="PASS" starttime="20220530 21:06:49.365" endtime="20220530 21:06:50.366"/>
</kw>
<status status="PASS" starttime="20220530 21:06:49.357" endtime="20220530 21:06:50.366"/>
</kw>
<kw name="Click Element" library="SeleniumLibrary">
<arg>${BTN_VALIDATE_CEL}</arg>
<doc>Click the element identified by ``locator``.</doc>
<msg timestamp="20220530 21:06:50.367" level="INFO">Clicking element 'id=confirm-phone-link-validate-later'.</msg>
<status status="PASS" starttime="20220530 21:06:50.366" endtime="20220530 21:06:50.472"/>
</kw>
<status status="PASS" starttime="20220530 21:06:44.446" endtime="20220530 21:06:50.472"/>
</kw>
<status status="PASS" starttime="20220530 21:06:44.446" endtime="20220530 21:06:50.472"/>
</kw>
<kw name="Então é apresentada a tela inicial do Zé Delivery" library="cadastro_usuario_resources">
<arg>${nomeCliente}</arg>
<kw name="Validar boas vindas usuario" library="kw_tela_cadastro">
<arg>${userWelcome}</arg>
<kw name="Wait Until Element Is Visible" library="SeleniumLibrary">
<arg>${HEADER}</arg>
<doc>Waits until the element ``locator`` is visible.</doc>
<status status="PASS" starttime="20220530 21:06:50.474" endtime="20220530 21:06:50.492"/>
</kw>
<kw name="Click Element" library="SeleniumLibrary">
<arg>${HEADER}</arg>
<doc>Click the element identified by ``locator``.</doc>
<msg timestamp="20220530 21:06:50.492" level="INFO">Clicking element 'id=header-user-badge'.</msg>
<status status="PASS" starttime="20220530 21:06:50.492" endtime="20220530 21:06:50.524"/>
</kw>
<kw name="Sleep" library="BuiltIn">
<arg>5</arg>
<doc>Pauses the test executed for the given time.</doc>
<msg timestamp="20220530 21:06:55.525" level="INFO">Slept 5 seconds</msg>
<status status="PASS" starttime="20220530 21:06:50.524" endtime="20220530 21:06:55.525"/>
</kw>
<kw name="Element Text Should Be" library="SeleniumLibrary">
<arg>${USER_WELCOME}</arg>
<arg>${user}</arg>
<doc>Verifies that element ``locator`` contains exact the text ``expected``.</doc>
<msg timestamp="20220530 21:06:55.525" level="WARN">Keyword 'Element Text Should Be' found both from a custom library 'SeleniumLibrary' and a standard library 'XML'. The custom keyword is used. To select explicitly, and to get rid of this warning, use either 'SeleniumLibrary.Element Text Should Be' or 'XML.Element Text Should Be'.</msg>
<msg timestamp="20220530 21:06:55.526" level="INFO">Verifying element 'class=css-3p9cbf' contains exact text 'Maria Cecília Caldeira'.</msg>
<status status="PASS" starttime="20220530 21:06:55.525" endtime="20220530 21:06:55.548"/>
</kw>
<status status="PASS" starttime="20220530 21:06:50.473" endtime="20220530 21:06:55.548"/>
</kw>
<status status="PASS" starttime="20220530 21:06:50.472" endtime="20220530 21:06:55.548"/>
</kw>
<kw name="Fechar o navegador" library="config" type="TEARDOWN">
<kw name="Close Browser" library="SeleniumLibrary">
<doc>Closes the current browser.</doc>
<status status="PASS" starttime="20220530 21:06:55.548" endtime="20220530 21:06:55.609"/>
</kw>
<status status="PASS" starttime="20220530 21:06:55.548" endtime="20220530 21:06:55.610"/>
</kw>
<doc>Caso de teste para validar o cadastro de um novo usuário.</doc>
<tag>cadastro</tag>
<tag>positivo</tag>
<status status="PASS" starttime="20220530 21:06:38.978" endtime="20220530 21:06:55.610"/>
</test>
<test id="s1-t2" name="Caso de Teste 02 - Cadastro de usuário - Nome do cliente não informado" line="30">
<kw name="Abrir o navegador" library="config" type="SETUP">
<kw name="Open Browser" library="SeleniumLibrary">
<arg>browser=${BROWSER}</arg>
<doc>Opens a new browser instance to the optional ``url``.</doc>
<msg timestamp="20220530 21:06:55.611" level="INFO">Opening browser 'chrome' to base url 'None'.</msg>
<status status="PASS" starttime="20220530 21:06:55.611" endtime="20220530 21:06:56.322"/>
</kw>
<kw name="Maximize Browser Window" library="SeleniumLibrary">
<doc>Maximizes current browser window.</doc>
<status status="PASS" starttime="20220530 21:06:56.322" endtime="20220530 21:06:56.456"/>
</kw>
<status status="PASS" starttime="20220530 21:06:55.611" endtime="20220530 21:06:56.456"/>
</kw>
<kw name="Validar campos obrigatorios">
<arg>${EMPTY}</arg>
<arg>wilker@bol.com.br</arg>
<arg>@Challenge123</arg>
<arg>42334323063</arg>
<arg>61996438523</arg>
<arg>10051994</arg>
<arg>name</arg>
<arg>Nome não pode ficar vazio</arg>
<doc>Caso de teste para validar os campos obrigatórios.</doc>
<kw name="Dado que estou na tela de login do Zé delivery" library="cadastro_usuario_resources">
<kw name="Ir para pagina do Ze" library="config">
<kw name="Go To" library="SeleniumLibrary">
<arg>url=${URl}</arg>
<doc>Navigates the current browser window to the provided ``url``.</doc>
<msg timestamp="20220530 21:06:56.461" level="INFO">Opening url 'https://www.ze.delivery/conta/entrar'</msg>
<status status="PASS" starttime="20220530 21:06:56.461" endtime="20220530 21:07:03.879"/>
</kw>
<status status="PASS" starttime="20220530 21:06:56.460" endtime="20220530 21:07:03.879"/>
</kw>
<status status="PASS" starttime="20220530 21:06:56.460" endtime="20220530 21:07:03.879"/>
</kw>
<kw name="Quando acessar a opção para cadastro de cliente" library="cadastro_usuario_resources">
<kw name="Quero cadastrar uma conta no Ze" library="kw_tela_login">
<kw name="Click Element" library="SeleniumLibrary">
<arg>${BTN_CRIAR_CONTA}</arg>
<doc>Click the element identified by ``locator``.</doc>
<msg timestamp="20220530 21:07:03.880" level="INFO">Clicking element 'id=create-account-link'.</msg>
<status status="PASS" starttime="20220530 21:07:03.880" endtime="20220530 21:07:03.941"/>
</kw>
<kw name="Wait Until Page Contains" library="SeleniumLibrary">
<arg>${TITLE_CRIAR_CONTA}</arg>
<doc>Waits until ``text`` appears on the current page.</doc>
<status status="PASS" starttime="20220530 21:07:03.941" endtime="20220530 21:07:03.962"/>
</kw>
<status status="PASS" starttime="20220530 21:07:03.880" endtime="20220530 21:07:03.962"/>
</kw>
<status status="PASS" starttime="20220530 21:07:03.879" endtime="20220530 21:07:03.962"/>
</kw>
<kw name="E preencho o formulário de cadastro de forma inválida" library="cadastro_usuario_resources">
<arg>${name}</arg>
<arg>${email}</arg>
<arg>${pass}</arg>
<arg>${cpf}</arg>
<arg>${tel}</arg>
<arg>${dataNiver}</arg>
<kw name="Preencher formulario de cadastro de cliente" library="kw_tela_cadastro">
<arg>${name}</arg>
<arg>${email}</arg>
<arg>${pass}</arg>
<arg>${cpf}</arg>
<arg>${tel}</arg>
<arg>${dataNiver}</arg>
<kw name="Wait Until Element Is Not Visible" library="SeleniumLibrary">
<arg>${BTN_CRIAR_CONTA}</arg>
<doc>Waits until the element ``locator`` is not visible.</doc>
<status status="PASS" starttime="20220530 21:07:03.963" endtime="20220530 21:07:03.971"/>
</kw>
<kw name="Input Text" library="SeleniumLibrary">
<arg>${INPUT_NAME}</arg>
<arg>${nome}</arg>
<doc>Types the given ``text`` into the text field identified by ``locator``.</doc>
<msg timestamp="20220530 21:07:03.971" level="INFO">Typing text '' into text field 'id=signup-form-input-name'.</msg>
<status status="PASS" starttime="20220530 21:07:03.971" endtime="20220530 21:07:04.044"/>
</kw>
<kw name="Input Text" library="SeleniumLibrary">
<arg>${INPUT_EMAIL}</arg>
<arg>${email}</arg>
<doc>Types the given ``text`` into the text field identified by ``locator``.</doc>
<msg timestamp="20220530 21:07:04.045" level="INFO">Typing text 'wilker@bol.com.br' into text field 'id=signup-form-input-email'.</msg>
<status status="PASS" starttime="20220530 21:07:04.044" endtime="20220530 21:07:04.209"/>
</kw>
<kw name="Input Text" library="SeleniumLibrary">
<arg>${INPUT_PASSWORD}</arg>
<arg>${pass}</arg>
<doc>Types the given ``text`` into the text field identified by ``locator``.</doc>
<msg timestamp="20220530 21:07:04.210" level="INFO">Typing text '@Challenge123' into text field 'id=signup-form-input-password'.</msg>
<status status="PASS" starttime="20220530 21:07:04.209" endtime="20220530 21:07:04.316"/>
</kw>
<kw name="Input Text" library="SeleniumLibrary">
<arg>${INPUT_DOCUMENT}</arg>
<arg>${document}</arg>
<doc>Types the given ``text`` into the text field identified by ``locator``.</doc>
<msg timestamp="20220530 21:07:04.317" level="INFO">Typing text '42334323063' into text field 'id=signup-form-input-document'.</msg>
<status status="PASS" starttime="20220530 21:07:04.317" endtime="20220530 21:07:04.400"/>
</kw>
<kw name="Input Text" library="SeleniumLibrary">
<arg>${INPUT_PHONE}</arg>
<arg>${phone}</arg>
<doc>Types the given ``text`` into the text field identified by ``locator``.</doc>
<msg timestamp="20220530 21:07:04.401" level="INFO">Typing text '61996438523' into text field 'id=signup-form-input-phone'.</msg>
<status status="PASS" starttime="20220530 21:07:04.400" endtime="20220530 21:07:04.486"/>
</kw>
<kw name="Input Text" library="SeleniumLibrary">
<arg>${INPUT_AGE}</arg>
<arg>${idade}</arg>
<doc>Types the given ``text`` into the text field identified by ``locator``.</doc>
<msg timestamp="20220530 21:07:04.487" level="INFO">Typing text '10051994' into text field 'id=signup-form-input-age'.</msg>
<status status="PASS" starttime="20220530 21:07:04.486" endtime="20220530 21:07:04.577"/>
</kw>
<kw name="Realizar scroll da pagina" library="config">
<kw name="Execute Javascript" library="SeleniumLibrary">
<arg>window.scrollTo(100, document.body.scrollHeight)</arg>
<doc>Executes the given JavaScript code with possible arguments.</doc>
<msg timestamp="20220530 21:07:04.578" level="INFO">Executing JavaScript:
window.scrollTo(100, document.body.scrollHeight)
Without any arguments.</msg>
<status status="PASS" starttime="20220530 21:07:04.577" endtime="20220530 21:07:04.580"/>
</kw>
<kw name="Execute Javascript" library="SeleniumLibrary">
<arg>window.scrollTo(100, document.body.scrollHeight)</arg>
<doc>Executes the given JavaScript code with possible arguments.</doc>
<msg timestamp="20220530 21:07:04.581" level="INFO">Executing JavaScript:
window.scrollTo(100, document.body.scrollHeight)
Without any arguments.</msg>
<status status="PASS" starttime="20220530 21:07:04.580" endtime="20220530 21:07:04.583"/>
</kw>
<kw name="Sleep" library="BuiltIn">
<arg>1</arg>
<doc>Pauses the test executed for the given time.</doc>
<msg timestamp="20220530 21:07:05.584" level="INFO">Slept 1 second</msg>
<status status="PASS" starttime="20220530 21:07:04.583" endtime="20220530 21:07:05.584"/>
</kw>
<status status="PASS" starttime="20220530 21:07:04.577" endtime="20220530 21:07:05.584"/>
</kw>
<kw name="Select Checkbox" library="SeleniumLibrary">
<arg>${CHECKBOX_TERMS}</arg>
<doc>Selects the checkbox identified by ``locator``.</doc>
<msg timestamp="20220530 21:07:05.585" level="INFO">Selecting checkbox 'id=sign-up-form-input-terms'.</msg>
<status status="PASS" starttime="20220530 21:07:05.585" endtime="20220530 21:07:05.697"/>
</kw>
<status status="PASS" starttime="20220530 21:07:03.963" endtime="20220530 21:07:05.697"/>
</kw>
<status status="PASS" starttime="20220530 21:07:03.962" endtime="20220530 21:07:05.697"/>
</kw>
<kw name="Entao é apresentado mensagem de alerta" library="cadastro_usuario_resources">
<arg>${field}</arg>
<arg>${msg}</arg>
<if>
<branch type="IF" condition="'${campoObrigatorio}'=='name'">
<kw name="Validar mensagem de alerta do campo nome" library="kw_tela_cadastro">
<arg>${msg}</arg>
<kw name="Element Text Should Be" library="SeleniumLibrary">
<arg>${MSG_NAME_ALERT}</arg>
<arg>${msg_alert}</arg>
<doc>Verifies that element ``locator`` contains exact the text ``expected``.</doc>
<msg timestamp="20220530 21:07:05.699" level="WARN">Keyword 'Element Text Should Be' found both from a custom library 'SeleniumLibrary' and a standard library 'XML'. The custom keyword is used. To select explicitly, and to get rid of this warning, use either 'SeleniumLibrary.Element Text Should Be' or 'XML.Element Text Should Be'.</msg>
<msg timestamp="20220530 21:07:05.701" level="INFO">Verifying element 'id=signup-form-input-name-error-message' contains exact text 'Nome não pode ficar vazio'.</msg>
<status status="PASS" starttime="20220530 21:07:05.699" endtime="20220530 21:07:05.719"/>
</kw>
<status status="PASS" starttime="20220530 21:07:05.698" endtime="20220530 21:07:05.719"/>
</kw>
<status status="PASS" starttime="20220530 21:07:05.698" endtime="20220530 21:07:05.719"/>
</branch>
<branch type="ELSE IF" condition="'${campoObrigatorio}'=='email'">
<kw name="Validar mensagem de alerta do campo email" library="kw_tela_cadastro">
<arg>${msg}</arg>
<status status="NOT RUN" starttime="20220530 21:07:05.719" endtime="20220530 21:07:05.719"/>
</kw>
<status status="NOT RUN" starttime="20220530 21:07:05.719" endtime="20220530 21:07:05.719"/>
</branch>
<branch type="ELSE IF" condition="'${campoObrigatorio}'=='password'">
<kw name="Validar mensagem de alerta do campo password" library="kw_tela_cadastro">
<arg>${msg}</arg>
<status status="NOT RUN" starttime="20220530 21:07:05.719" endtime="20220530 21:07:05.719"/>
</kw>
<status status="NOT RUN" starttime="20220530 21:07:05.719" endtime="20220530 21:07:05.719"/>
</branch>
<branch type="ELSE IF" condition="'${campoObrigatorio}'=='cpf'">
<kw name="Validar mensagem de alerta do campo cpf" library="kw_tela_cadastro">
<arg>${msg}</arg>
<status status="NOT RUN" starttime="20220530 21:07:05.719" endtime="20220530 21:07:05.719"/>
</kw>
<status status="NOT RUN" starttime="20220530 21:07:05.719" endtime="20220530 21:07:05.719"/>
</branch>
<branch type="ELSE IF" condition="'${campoObrigatorio}'=='telefone'">
<kw name="Validar mensagem de alerta do campo telefone" library="kw_tela_cadastro">
<arg>${msg}</arg>
<status status="NOT RUN" starttime="20220530 21:07:05.719" endtime="20220530 21:07:05.720"/>
</kw>
<status status="NOT RUN" starttime="20220530 21:07:05.719" endtime="20220530 21:07:05.720"/>
</branch>
<branch type="ELSE IF" condition="'${campoObrigatorio}'=='data'">
<kw name="Validar mensagem de alerta do campo data" library="kw_tela_cadastro">
<arg>${msg}</arg>
<status status="NOT RUN" starttime="20220530 21:07:05.720" endtime="20220530 21:07:05.720"/>
</kw>
<status status="NOT RUN" starttime="20220530 21:07:05.720" endtime="20220530 21:07:05.720"/>
</branch>
<branch type="ELSE">
<kw name="Validar mensagem de alerta do campo nome" library="kw_tela_cadastro">
<arg>${msg}</arg>
<status status="NOT RUN" starttime="20220530 21:07:05.720" endtime="20220530 21:07:05.720"/>
</kw>
<status status="NOT RUN" starttime="20220530 21:07:05.720" endtime="20220530 21:07:05.720"/>
</branch>
<status status="PASS" starttime="20220530 21:07:05.698" endtime="20220530 21:07:05.720"/>
</if>
<status status="PASS" starttime="20220530 21:07:05.697" endtime="20220530 21:07:05.720"/>
</kw>
<status status="PASS" starttime="20220530 21:06:56.457" endtime="20220530 21:07:05.720"/>
</kw>
<kw name="Fechar o navegador" library="config" type="TEARDOWN">
<kw name="Close Browser" library="SeleniumLibrary">
<doc>Closes the current browser.</doc>
<status status="PASS" starttime="20220530 21:07:05.720" endtime="20220530 21:07:05.777"/>
</kw>
<status status="PASS" starttime="20220530 21:07:05.720" endtime="20220530 21:07:05.777"/>
</kw>
<doc>Caso de teste para validar o comportamento do sistema quando o nome do cliente não for informado.</doc>
<tag>cadastro</tag>
<tag>exceção</tag>
<tag>Nome</tag>
<status status="PASS" starttime="20220530 21:06:55.610" endtime="20220530 21:07:05.777"/>
</test>
<test id="s1-t3" name="Caso de Teste 03 - Cadastro de usuário - Nome do cliente incorreto" line="36">
<kw name="Abrir o navegador" library="config" type="SETUP">
<kw name="Open Browser" library="SeleniumLibrary">
<arg>browser=${BROWSER}</arg>
<doc>Opens a new browser instance to the optional ``url``.</doc>
<msg timestamp="20220530 21:07:05.779" level="INFO">Opening browser 'chrome' to base url 'None'.</msg>
<status status="PASS" starttime="20220530 21:07:05.778" endtime="20220530 21:07:06.481"/>
</kw>
<kw name="Maximize Browser Window" library="SeleniumLibrary">
<doc>Maximizes current browser window.</doc>
<status status="PASS" starttime="20220530 21:07:06.481" endtime="20220530 21:07:06.613"/>
</kw>
<status status="PASS" starttime="20220530 21:07:05.778" endtime="20220530 21:07:06.614"/>
</kw>
<kw name="Validar campos obrigatorios">
<arg>W</arg>
<arg>wilker@bol.com.br</arg>
<arg>@Challenge123</arg>
<arg>42334323063</arg>
<arg>61996438523</arg>
<arg>10051994</arg>
<arg>name</arg>
<arg>Seu nome não parece correto</arg>
<doc>Caso de teste para validar os campos obrigatórios.</doc>
<kw name="Dado que estou na tela de login do Zé delivery" library="cadastro_usuario_resources">
<kw name="Ir para pagina do Ze" library="config">
<kw name="Go To" library="SeleniumLibrary">
<arg>url=${URl}</arg>
<doc>Navigates the current browser window to the provided ``url``.</doc>
<msg timestamp="20220530 21:07:06.617" level="INFO">Opening url 'https://www.ze.delivery/conta/entrar'</msg>
<status status="PASS" starttime="20220530 21:07:06.617" endtime="20220530 21:07:09.118"/>
</kw>
<status status="PASS" starttime="20220530 21:07:06.616" endtime="20220530 21:07:09.118"/>
</kw>
<status status="PASS" starttime="20220530 21:07:06.615" endtime="20220530 21:07:09.118"/>
</kw>
<kw name="Quando acessar a opção para cadastro de cliente" library="cadastro_usuario_resources">
<kw name="Quero cadastrar uma conta no Ze" library="kw_tela_login">
<kw name="Click Element" library="SeleniumLibrary">
<arg>${BTN_CRIAR_CONTA}</arg>
<doc>Click the element identified by ``locator``.</doc>
<msg timestamp="20220530 21:07:09.120" level="INFO">Clicking element 'id=create-account-link'.</msg>
<status status="PASS" starttime="20220530 21:07:09.119" endtime="20220530 21:07:09.173"/>
</kw>
<kw name="Wait Until Page Contains" library="SeleniumLibrary">
<arg>${TITLE_CRIAR_CONTA}</arg>
<doc>Waits until ``text`` appears on the current page.</doc>
<status status="PASS" starttime="20220530 21:07:09.173" endtime="20220530 21:07:09.182"/>
</kw>
<status status="PASS" starttime="20220530 21:07:09.119" endtime="20220530 21:07:09.182"/>
</kw>
<status status="PASS" starttime="20220530 21:07:09.119" endtime="20220530 21:07:09.183"/>
</kw>
<kw name="E preencho o formulário de cadastro de forma inválida" library="cadastro_usuario_resources">
<arg>${name}</arg>
<arg>${email}</arg>
<arg>${pass}</arg>
<arg>${cpf}</arg>
<arg>${tel}</arg>
<arg>${dataNiver}</arg>
<kw name="Preencher formulario de cadastro de cliente" library="kw_tela_cadastro">
<arg>${name}</arg>
<arg>${email}</arg>
<arg>${pass}</arg>
<arg>${cpf}</arg>
<arg>${tel}</arg>
<arg>${dataNiver}</arg>
<kw name="Wait Until Element Is Not Visible" library="SeleniumLibrary">
<arg>${BTN_CRIAR_CONTA}</arg>
<doc>Waits until the element ``locator`` is not visible.</doc>
<status status="PASS" starttime="20220530 21:07:09.183" endtime="20220530 21:07:09.190"/>
</kw>
<kw name="Input Text" library="SeleniumLibrary">
<arg>${INPUT_NAME}</arg>
<arg>${nome}</arg>
<doc>Types the given ``text`` into the text field identified by ``locator``.</doc>
<msg timestamp="20220530 21:07:09.190" level="INFO">Typing text 'W' into text field 'id=signup-form-input-name'.</msg>
<status status="PASS" starttime="20220530 21:07:09.190" endtime="20220530 21:07:09.261"/>
</kw>
<kw name="Input Text" library="SeleniumLibrary">
<arg>${INPUT_EMAIL}</arg>
<arg>${email}</arg>
<doc>Types the given ``text`` into the text field identified by ``locator``.</doc>
<msg timestamp="20220530 21:07:09.262" level="INFO">Typing text 'wilker@bol.com.br' into text field 'id=signup-form-input-email'.</msg>
<status status="PASS" starttime="20220530 21:07:09.261" endtime="20220530 21:07:09.410"/>
</kw>
<kw name="Input Text" library="SeleniumLibrary">
<arg>${INPUT_PASSWORD}</arg>
<arg>${pass}</arg>
<doc>Types the given ``text`` into the text field identified by ``locator``.</doc>
<msg timestamp="20220530 21:07:09.411" level="INFO">Typing text '@Challenge123' into text field 'id=signup-form-input-password'.</msg>
<status status="PASS" starttime="20220530 21:07:09.410" endtime="20220530 21:07:09.517"/>
</kw>
<kw name="Input Text" library="SeleniumLibrary">
<arg>${INPUT_DOCUMENT}</arg>
<arg>${document}</arg>
<doc>Types the given ``text`` into the text field identified by ``locator``.</doc>
<msg timestamp="20220530 21:07:09.517" level="INFO">Typing text '42334323063' into text field 'id=signup-form-input-document'.</msg>
<status status="PASS" starttime="20220530 21:07:09.517" endtime="20220530 21:07:09.604"/>
</kw>
<kw name="Input Text" library="SeleniumLibrary">
<arg>${INPUT_PHONE}</arg>
<arg>${phone}</arg>
<doc>Types the given ``text`` into the text field identified by ``locator``.</doc>
<msg timestamp="20220530 21:07:09.605" level="INFO">Typing text '61996438523' into text field 'id=signup-form-input-phone'.</msg>
<status status="PASS" starttime="20220530 21:07:09.604" endtime="20220530 21:07:09.692"/>
</kw>
<kw name="Input Text" library="SeleniumLibrary">
<arg>${INPUT_AGE}</arg>
<arg>${idade}</arg>
<doc>Types the given ``text`` into the text field identified by ``locator``.</doc>
<msg timestamp="20220530 21:07:09.692" level="INFO">Typing text '10051994' into text field 'id=signup-form-input-age'.</msg>
<status status="PASS" starttime="20220530 21:07:09.692" endtime="20220530 21:07:09.775"/>
</kw>
<kw name="Realizar scroll da pagina" library="config">
<kw name="Execute Javascript" library="SeleniumLibrary">
<arg>window.scrollTo(100, document.body.scrollHeight)</arg>
<doc>Executes the given JavaScript code with possible arguments.</doc>
<msg timestamp="20220530 21:07:09.776" level="INFO">Executing JavaScript:
window.scrollTo(100, document.body.scrollHeight)
Without any arguments.</msg>
<status status="PASS" starttime="20220530 21:07:09.775" endtime="20220530 21:07:09.778"/>
</kw>
<kw name="Execute Javascript" library="SeleniumLibrary">
<arg>window.scrollTo(100, document.body.scrollHeight)</arg>
<doc>Executes the given JavaScript code with possible arguments.</doc>
<msg timestamp="20220530 21:07:09.779" level="INFO">Executing JavaScript:
window.scrollTo(100, document.body.scrollHeight)
Without any arguments.</msg>
<status status="PASS" starttime="20220530 21:07:09.779" endtime="20220530 21:07:09.781"/>
</kw>
<kw name="Sleep" library="BuiltIn">
<arg>1</arg>
<doc>Pauses the test executed for the given time.</doc>
<msg timestamp="20220530 21:07:10.781" level="INFO">Slept 1 second</msg>
<status status="PASS" starttime="20220530 21:07:09.781" endtime="20220530 21:07:10.782"/>
</kw>
<status status="PASS" starttime="20220530 21:07:09.775" endtime="20220530 21:07:10.782"/>
</kw>
<kw name="Select Checkbox" library="SeleniumLibrary">
<arg>${CHECKBOX_TERMS}</arg>
<doc>Selects the checkbox identified by ``locator``.</doc>
<msg timestamp="20220530 21:07:10.783" level="INFO">Selecting checkbox 'id=sign-up-form-input-terms'.</msg>
<status status="PASS" starttime="20220530 21:07:10.783" endtime="20220530 21:07:10.849"/>
</kw>
<status status="PASS" starttime="20220530 21:07:09.183" endtime="20220530 21:07:10.849"/>
</kw>
<status status="PASS" starttime="20220530 21:07:09.183" endtime="20220530 21:07:10.849"/>
</kw>
<kw name="Entao é apresentado mensagem de alerta" library="cadastro_usuario_resources">
<arg>${field}</arg>
<arg>${msg}</arg>
<if>
<branch type="IF" condition="'${campoObrigatorio}'=='name'">
<kw name="Validar mensagem de alerta do campo nome" library="kw_tela_cadastro">
<arg>${msg}</arg>
<kw name="Element Text Should Be" library="SeleniumLibrary">
<arg>${MSG_NAME_ALERT}</arg>
<arg>${msg_alert}</arg>
<doc>Verifies that element ``locator`` contains exact the text ``expected``.</doc>
<msg timestamp="20220530 21:07:10.850" level="WARN">Keyword 'Element Text Should Be' found both from a custom library 'SeleniumLibrary' and a standard library 'XML'. The custom keyword is used. To select explicitly, and to get rid of this warning, use either 'SeleniumLibrary.Element Text Should Be' or 'XML.Element Text Should Be'.</msg>
<msg timestamp="20220530 21:07:10.850" level="INFO">Verifying element 'id=signup-form-input-name-error-message' contains exact text 'Seu nome não parece correto'.</msg>
<status status="PASS" starttime="20220530 21:07:10.850" endtime="20220530 21:07:10.867"/>
</kw>
<status status="PASS" starttime="20220530 21:07:10.850" endtime="20220530 21:07:10.868"/>
</kw>
<status status="PASS" starttime="20220530 21:07:10.850" endtime="20220530 21:07:10.868"/>
</branch>
<branch type="ELSE IF" condition="'${campoObrigatorio}'=='email'">
<kw name="Validar mensagem de alerta do campo email" library="kw_tela_cadastro">
<arg>${msg}</arg>
<status status="NOT RUN" starttime="20220530 21:07:10.868" endtime="20220530 21:07:10.868"/>
</kw>
<status status="NOT RUN" starttime="20220530 21:07:10.868" endtime="20220530 21:07:10.868"/>
</branch>
<branch type="ELSE IF" condition="'${campoObrigatorio}'=='password'">
<kw name="Validar mensagem de alerta do campo password" library="kw_tela_cadastro">
<arg>${msg}</arg>
<status status="NOT RUN" starttime="20220530 21:07:10.868" endtime="20220530 21:07:10.868"/>
</kw>
<status status="NOT RUN" starttime="20220530 21:07:10.868" endtime="20220530 21:07:10.868"/>
</branch>
<branch type="ELSE IF" condition="'${campoObrigatorio}'=='cpf'">
<kw name="Validar mensagem de alerta do campo cpf" library="kw_tela_cadastro">
<arg>${msg}</arg>
<status status="NOT RUN" starttime="20220530 21:07:10.868" endtime="20220530 21:07:10.868"/>
</kw>
<status status="NOT RUN" starttime="20220530 21:07:10.868" endtime="20220530 21:07:10.868"/>
</branch>
<branch type="ELSE IF" condition="'${campoObrigatorio}'=='telefone'">
<kw name="Validar mensagem de alerta do campo telefone" library="kw_tela_cadastro">
<arg>${msg}</arg>
<status status="NOT RUN" starttime="20220530 21:07:10.868" endtime="20220530 21:07:10.868"/>
</kw>
<status status="NOT RUN" starttime="20220530 21:07:10.868" endtime="20220530 21:07:10.868"/>
</branch>
<branch type="ELSE IF" condition="'${campoObrigatorio}'=='data'">
<kw name="Validar mensagem de alerta do campo data" library="kw_tela_cadastro">
<arg>${msg}</arg>
<status status="NOT RUN" starttime="20220530 21:07:10.868" endtime="20220530 21:07:10.868"/>
</kw>
<status status="NOT RUN" starttime="20220530 21:07:10.868" endtime="20220530 21:07:10.868"/>
</branch>
<branch type="ELSE">
<kw name="Validar mensagem de alerta do campo nome" library="kw_tela_cadastro">
<arg>${msg}</arg>
<status status="NOT RUN" starttime="20220530 21:07:10.868" endtime="20220530 21:07:10.868"/>
</kw>
<status status="NOT RUN" starttime="20220530 21:07:10.868" endtime="20220530 21:07:10.868"/>
</branch>
<status status="PASS" starttime="20220530 21:07:10.850" endtime="20220530 21:07:10.868"/>
</if>
<status status="PASS" starttime="20220530 21:07:10.849" endtime="20220530 21:07:10.869"/>
</kw>
<status status="PASS" starttime="20220530 21:07:06.614" endtime="20220530 21:07:10.869"/>
</kw>
<kw name="Fechar o navegador" library="config" type="TEARDOWN">
<kw name="Close Browser" library="SeleniumLibrary">
<doc>Closes the current browser.</doc>
<status status="PASS" starttime="20220530 21:07:10.869" endtime="20220530 21:07:10.927"/>
</kw>
<status status="PASS" starttime="20220530 21:07:10.869" endtime="20220530 21:07:10.927"/>
</kw>
<doc>Caso de teste para validar o comportamento do sistema quando o nome do cliente é informado incorretamente.</doc>
<tag>cadastro</tag>
<tag>exceção</tag>
<tag>Nome</tag>
<status status="PASS" starttime="20220530 21:07:05.778" endtime="20220530 21:07:10.927"/>
</test>
<test id="s1-t4" name="Caso de Teste 04 - Cadastro de usuário - Sobrenome do cliente não informado" line="42">
<kw name="Abrir o navegador" library="config" type="SETUP">
<kw name="Open Browser" library="SeleniumLibrary">
<arg>browser=${BROWSER}</arg>
<doc>Opens a new browser instance to the optional ``url``.</doc>
<msg timestamp="20220530 21:07:10.928" level="INFO">Opening browser 'chrome' to base url 'None'.</msg>
<status status="PASS" starttime="20220530 21:07:10.928" endtime="20220530 21:07:11.654"/>
</kw>
<kw name="Maximize Browser Window" library="SeleniumLibrary">
<doc>Maximizes current browser window.</doc>
<status status="PASS" starttime="20220530 21:07:11.654" endtime="20220530 21:07:11.787"/>
</kw>
<status status="PASS" starttime="20220530 21:07:10.928" endtime="20220530 21:07:11.788"/>
</kw>
<kw name="Validar campos obrigatorios">
<arg>Wilker</arg>
<arg>wilker@bol.com.br</arg>
<arg>@Challenge123</arg>
<arg>42334323063</arg>
<arg>61996438523</arg>
<arg>10051994</arg>
<arg>name</arg>
<arg>Parece que você esqueceu do sobrenome</arg>
<doc>Caso de teste para validar os campos obrigatórios.</doc>
<kw name="Dado que estou na tela de login do Zé delivery" library="cadastro_usuario_resources">
<kw name="Ir para pagina do Ze" library="config">
<kw name="Go To" library="SeleniumLibrary">
<arg>url=${URl}</arg>
<doc>Navigates the current browser window to the provided ``url``.</doc>
<msg timestamp="20220530 21:07:11.791" level="INFO">Opening url 'https://www.ze.delivery/conta/entrar'</msg>
<status status="PASS" starttime="20220530 21:07:11.790" endtime="20220530 21:07:14.721"/>
</kw>
<status status="PASS" starttime="20220530 21:07:11.790" endtime="20220530 21:07:14.721"/>
</kw>
<status status="PASS" starttime="20220530 21:07:11.789" endtime="20220530 21:07:14.721"/>
</kw>
<kw name="Quando acessar a opção para cadastro de cliente" library="cadastro_usuario_resources">
<kw name="Quero cadastrar uma conta no Ze" library="kw_tela_login">
<kw name="Click Element" library="SeleniumLibrary">
<arg>${BTN_CRIAR_CONTA}</arg>
<doc>Click the element identified by ``locator``.</doc>
<msg timestamp="20220530 21:07:14.722" level="INFO">Clicking element 'id=create-account-link'.</msg>
<status status="PASS" starttime="20220530 21:07:14.722" endtime="20220530 21:07:14.773"/>
</kw>
<kw name="Wait Until Page Contains" library="SeleniumLibrary">
<arg>${TITLE_CRIAR_CONTA}</arg>
<doc>Waits until ``text`` appears on the current page.</doc>
<status status="PASS" starttime="20220530 21:07:14.773" endtime="20220530 21:07:14.788"/>
</kw>
<status status="PASS" starttime="20220530 21:07:14.722" endtime="20220530 21:07:14.788"/>
</kw>
<status status="PASS" starttime="20220530 21:07:14.722" endtime="20220530 21:07:14.788"/>
</kw>
<kw name="E preencho o formulário de cadastro de forma inválida" library="cadastro_usuario_resources">
<arg>${name}</arg>
<arg>${email}</arg>
<arg>${pass}</arg>
<arg>${cpf}</arg>
<arg>${tel}</arg>
<arg>${dataNiver}</arg>
<kw name="Preencher formulario de cadastro de cliente" library="kw_tela_cadastro">
<arg>${name}</arg>
<arg>${email}</arg>
<arg>${pass}</arg>
<arg>${cpf}</arg>
<arg>${tel}</arg>
<arg>${dataNiver}</arg>
<kw name="Wait Until Element Is Not Visible" library="SeleniumLibrary">
<arg>${BTN_CRIAR_CONTA}</arg>
<doc>Waits until the element ``locator`` is not visible.</doc>
<status status="PASS" starttime="20220530 21:07:14.789" endtime="20220530 21:07:14.792"/>
</kw>
<kw name="Input Text" library="SeleniumLibrary">
<arg>${INPUT_NAME}</arg>
<arg>${nome}</arg>
<doc>Types the given ``text`` into the text field identified by ``locator``.</doc>
<msg timestamp="20220530 21:07:14.793" level="INFO">Typing text 'Wilker' into text field 'id=signup-form-input-name'.</msg>
<status status="PASS" starttime="20220530 21:07:14.792" endtime="20220530 21:07:14.885"/>
</kw>
<kw name="Input Text" library="SeleniumLibrary">
<arg>${INPUT_EMAIL}</arg>
<arg>${email}</arg>
<doc>Types the given ``text`` into the text field identified by ``locator``.</doc>
<msg timestamp="20220530 21:07:14.885" level="INFO">Typing text 'wilker@bol.com.br' into text field 'id=signup-form-input-email'.</msg>
<status status="PASS" starttime="20220530 21:07:14.885" endtime="20220530 21:07:15.008"/>
</kw>
<kw name="Input Text" library="SeleniumLibrary">
<arg>${INPUT_PASSWORD}</arg>
<arg>${pass}</arg>
<doc>Types the given ``text`` into the text field identified by ``locator``.</doc>
<msg timestamp="20220530 21:07:15.009" level="INFO">Typing text '@Challenge123' into text field 'id=signup-form-input-password'.</msg>
<status status="PASS" starttime="20220530 21:07:15.008" endtime="20220530 21:07:15.113"/>
</kw>
<kw name="Input Text" library="SeleniumLibrary">
<arg>${INPUT_DOCUMENT}</arg>
<arg>${document}</arg>
<doc>Types the given ``text`` into the text field identified by ``locator``.</doc>
<msg timestamp="20220530 21:07:15.114" level="INFO">Typing text '42334323063' into text field 'id=signup-form-input-document'.</msg>
<status status="PASS" starttime="20220530 21:07:15.113" endtime="20220530 21:07:15.232"/>
</kw>
<kw name="Input Text" library="SeleniumLibrary">
<arg>${INPUT_PHONE}</arg>
<arg>${phone}</arg>
<doc>Types the given ``text`` into the text field identified by ``locator``.</doc>
<msg timestamp="20220530 21:07:15.233" level="INFO">Typing text '61996438523' into text field 'id=signup-form-input-phone'.</msg>
<status status="PASS" starttime="20220530 21:07:15.232" endtime="20220530 21:07:15.318"/>
</kw>
<kw name="Input Text" library="SeleniumLibrary">
<arg>${INPUT_AGE}</arg>
<arg>${idade}</arg>
<doc>Types the given ``text`` into the text field identified by ``locator``.</doc>
<msg timestamp="20220530 21:07:15.319" level="INFO">Typing text '10051994' into text field 'id=signup-form-input-age'.</msg>
<status status="PASS" starttime="20220530 21:07:15.318" endtime="20220530 21:07:15.400"/>
</kw>
<kw name="Realizar scroll da pagina" library="config">
<kw name="Execute Javascript" library="SeleniumLibrary">
<arg>window.scrollTo(100, document.body.scrollHeight)</arg>
<doc>Executes the given JavaScript code with possible arguments.</doc>
<msg timestamp="20220530 21:07:15.401" level="INFO">Executing JavaScript:
window.scrollTo(100, document.body.scrollHeight)
Without any arguments.</msg>
<status status="PASS" starttime="20220530 21:07:15.401" endtime="20220530 21:07:15.404"/>
</kw>
<kw name="Execute Javascript" library="SeleniumLibrary">
<arg>window.scrollTo(100, document.body.scrollHeight)</arg>
<doc>Executes the given JavaScript code with possible arguments.</doc>
<msg timestamp="20220530 21:07:15.404" level="INFO">Executing JavaScript:
window.scrollTo(100, document.body.scrollHeight)
Without any arguments.</msg>
<status status="PASS" starttime="20220530 21:07:15.404" endtime="20220530 21:07:15.406"/>
</kw>
<kw name="Sleep" library="BuiltIn">
<arg>1</arg>
<doc>Pauses the test executed for the given time.</doc>
<msg timestamp="20220530 21:07:16.406" level="INFO">Slept 1 second</msg>
<status status="PASS" starttime="20220530 21:07:15.406" endtime="20220530 21:07:16.407"/>
</kw>
<status status="PASS" starttime="20220530 21:07:15.400" endtime="20220530 21:07:16.407"/>
</kw>
<kw name="Select Checkbox" library="SeleniumLibrary">
<arg>${CHECKBOX_TERMS}</arg>
<doc>Selects the checkbox identified by ``locator``.</doc>
<msg timestamp="20220530 21:07:16.408" level="INFO">Selecting checkbox 'id=sign-up-form-input-terms'.</msg>
<status status="PASS" starttime="20220530 21:07:16.407" endtime="20220530 21:07:16.492"/>
</kw>
<status status="PASS" starttime="20220530 21:07:14.788" endtime="20220530 21:07:16.493"/>
</kw>
<status status="PASS" starttime="20220530 21:07:14.788" endtime="20220530 21:07:16.493"/>
</kw>
<kw name="Entao é apresentado mensagem de alerta" library="cadastro_usuario_resources">
<arg>${field}</arg>
<arg>${msg}</arg>
<if>
<branch type="IF" condition="'${campoObrigatorio}'=='name'">
<kw name="Validar mensagem de alerta do campo nome" library="kw_tela_cadastro">
<arg>${msg}</arg>
<kw name="Element Text Should Be" library="SeleniumLibrary">
<arg>${MSG_NAME_ALERT}</arg>
<arg>${msg_alert}</arg>
<doc>Verifies that element ``locator`` contains exact the text ``expected``.</doc>
<msg timestamp="20220530 21:07:16.493" level="WARN">Keyword 'Element Text Should Be' found both from a custom library 'SeleniumLibrary' and a standard library 'XML'. The custom keyword is used. To select explicitly, and to get rid of this warning, use either 'SeleniumLibrary.Element Text Should Be' or 'XML.Element Text Should Be'.</msg>
<msg timestamp="20220530 21:07:16.494" level="INFO">Verifying element 'id=signup-form-input-name-error-message' contains exact text 'Parece que você esqueceu do sobrenome'.</msg>
<status status="PASS" starttime="20220530 21:07:16.493" endtime="20220530 21:07:16.510"/>
</kw>
<status status="PASS" starttime="20220530 21:07:16.493" endtime="20220530 21:07:16.510"/>
</kw>
<status status="PASS" starttime="20220530 21:07:16.493" endtime="20220530 21:07:16.510"/>
</branch>
<branch type="ELSE IF" condition="'${campoObrigatorio}'=='email'">
<kw name="Validar mensagem de alerta do campo email" library="kw_tela_cadastro">
<arg>${msg}</arg>
<status status="NOT RUN" starttime="20220530 21:07:16.510" endtime="20220530 21:07:16.510"/>
</kw>
<status status="NOT RUN" starttime="20220530 21:07:16.510" endtime="20220530 21:07:16.510"/>
</branch>
<branch type="ELSE IF" condition="'${campoObrigatorio}'=='password'">
<kw name="Validar mensagem de alerta do campo password" library="kw_tela_cadastro">
<arg>${msg}</arg>
<status status="NOT RUN" starttime="20220530 21:07:16.510" endtime="20220530 21:07:16.510"/>
</kw>
<status status="NOT RUN" starttime="20220530 21:07:16.510" endtime="20220530 21:07:16.510"/>
</branch>
<branch type="ELSE IF" condition="'${campoObrigatorio}'=='cpf'">
<kw name="Validar mensagem de alerta do campo cpf" library="kw_tela_cadastro">
<arg>${msg}</arg>
<status status="NOT RUN" starttime="20220530 21:07:16.511" endtime="20220530 21:07:16.511"/>
</kw>
<status status="NOT RUN" starttime="20220530 21:07:16.510" endtime="20220530 21:07:16.511"/>
</branch>
<branch type="ELSE IF" condition="'${campoObrigatorio}'=='telefone'">
<kw name="Validar mensagem de alerta do campo telefone" library="kw_tela_cadastro">
<arg>${msg}</arg>
<status status="NOT RUN" starttime="20220530 21:07:16.511" endtime="20220530 21:07:16.511"/>
</kw>
<status status="NOT RUN" starttime="20220530 21:07:16.511" endtime="20220530 21:07:16.511"/>
</branch>
<branch type="ELSE IF" condition="'${campoObrigatorio}'=='data'">
<kw name="Validar mensagem de alerta do campo data" library="kw_tela_cadastro">
<arg>${msg}</arg>
<status status="NOT RUN" starttime="20220530 21:07:16.511" endtime="20220530 21:07:16.511"/>
</kw>
<status status="NOT RUN" starttime="20220530 21:07:16.511" endtime="20220530 21:07:16.511"/>
</branch>
<branch type="ELSE">
<kw name="Validar mensagem de alerta do campo nome" library="kw_tela_cadastro">
<arg>${msg}</arg>
<status status="NOT RUN" starttime="20220530 21:07:16.511" endtime="20220530 21:07:16.511"/>
</kw>
<status status="NOT RUN" starttime="20220530 21:07:16.511" endtime="20220530 21:07:16.511"/>
</branch>
<status status="PASS" starttime="20220530 21:07:16.493" endtime="20220530 21:07:16.511"/>
</if>
<status status="PASS" starttime="20220530 21:07:16.493" endtime="20220530 21:07:16.511"/>
</kw>
<status status="PASS" starttime="20220530 21:07:11.788" endtime="20220530 21:07:16.511"/>
</kw>
<kw name="Fechar o navegador" library="config" type="TEARDOWN">
<kw name="Close Browser" library="SeleniumLibrary">
<doc>Closes the current browser.</doc>
<status status="PASS" starttime="20220530 21:07:16.511" endtime="20220530 21:07:16.567"/>
</kw>
<status status="PASS" starttime="20220530 21:07:16.511" endtime="20220530 21:07:16.567"/>
</kw>
<doc>Caso de teste para validar o comportamento do sistema quando o sobrenome do cliente não for informado.</doc>
<tag>cadastro</tag>
<tag>exceção</tag>
<tag>Nome</tag>
<status status="PASS" starttime="20220530 21:07:10.927" endtime="20220530 21:07:16.567"/>
</test>
<test id="s1-t5" name="Caso de Teste 05 - Cadastro de usuário - E-mail do cliente não informado" line="48">
<kw name="Abrir o navegador" library="config" type="SETUP">
<kw name="Open Browser" library="SeleniumLibrary">
<arg>browser=${BROWSER}</arg>
<doc>Opens a new browser instance to the optional ``url``.</doc>
<msg timestamp="20220530 21:07:16.569" level="INFO">Opening browser 'chrome' to base url 'None'.</msg>
<status status="PASS" starttime="20220530 21:07:16.569" endtime="20220530 21:07:17.282"/>
</kw>
<kw name="Maximize Browser Window" library="SeleniumLibrary">
<doc>Maximizes current browser window.</doc>
<status status="PASS" starttime="20220530 21:07:17.282" endtime="20220530 21:07:17.422"/>
</kw>
<status status="PASS" starttime="20220530 21:07:16.569" endtime="20220530 21:07:17.423"/>
</kw>
<kw name="Validar campos obrigatorios">
<arg>Wilker Oliveira</arg>
<arg>${EMPTY}</arg>
<arg>@Challenge123</arg>
<arg>42334323063</arg>
<arg>61996438523</arg>
<arg>10051994</arg>
<arg>email</arg>
<arg>O campo e-mail não pode ficar vazio</arg>
<doc>Caso de teste para validar os campos obrigatórios.</doc>
<kw name="Dado que estou na tela de login do Zé delivery" library="cadastro_usuario_resources">
<kw name="Ir para pagina do Ze" library="config">
<kw name="Go To" library="SeleniumLibrary">
<arg>url=${URl}</arg>
<doc>Navigates the current browser window to the provided ``url``.</doc>
<msg timestamp="20220530 21:07:17.427" level="INFO">Opening url 'https://www.ze.delivery/conta/entrar'</msg>
<status status="PASS" starttime="20220530 21:07:17.427" endtime="20220530 21:07:19.795"/>
</kw>
<status status="PASS" starttime="20220530 21:07:17.426" endtime="20220530 21:07:19.795"/>
</kw>
<status status="PASS" starttime="20220530 21:07:17.425" endtime="20220530 21:07:19.795"/>
</kw>
<kw name="Quando acessar a opção para cadastro de cliente" library="cadastro_usuario_resources">
<kw name="Quero cadastrar uma conta no Ze" library="kw_tela_login">
<kw name="Click Element" library="SeleniumLibrary">
<arg>${BTN_CRIAR_CONTA}</arg>
<doc>Click the element identified by ``locator``.</doc>
<msg timestamp="20220530 21:07:19.796" level="INFO">Clicking element 'id=create-account-link'.</msg>
<status status="PASS" starttime="20220530 21:07:19.796" endtime="20220530 21:07:19.847"/>
</kw>
<kw name="Wait Until Page Contains" library="SeleniumLibrary">
<arg>${TITLE_CRIAR_CONTA}</arg>
<doc>Waits until ``text`` appears on the current page.</doc>
<status status="PASS" starttime="20220530 21:07:19.848" endtime="20220530 21:07:19.862"/>
</kw>
<status status="PASS" starttime="20220530 21:07:19.796" endtime="20220530 21:07:19.862"/>
</kw>
<status status="PASS" starttime="20220530 21:07:19.795" endtime="20220530 21:07:19.862"/>
</kw>
<kw name="E preencho o formulário de cadastro de forma inválida" library="cadastro_usuario_resources">
<arg>${name}</arg>
<arg>${email}</arg>
<arg>${pass}</arg>
<arg>${cpf}</arg>
<arg>${tel}</arg>
<arg>${dataNiver}</arg>
<kw name="Preencher formulario de cadastro de cliente" library="kw_tela_cadastro">
<arg>${name}</arg>
<arg>${email}</arg>
<arg>${pass}</arg>
<arg>${cpf}</arg>
<arg>${tel}</arg>
<arg>${dataNiver}</arg>
<kw name="Wait Until Element Is Not Visible" library="SeleniumLibrary">
<arg>${BTN_CRIAR_CONTA}</arg>
<doc>Waits until the element ``locator`` is not visible.</doc>
<status status="PASS" starttime="20220530 21:07:19.864" endtime="20220530 21:07:19.869"/>
</kw>
<kw name="Input Text" library="SeleniumLibrary">
<arg>${INPUT_NAME}</arg>
<arg>${nome}</arg>
<doc>Types the given ``text`` into the text field identified by ``locator``.</doc>
<msg timestamp="20220530 21:07:19.870" level="INFO">Typing text 'Wilker Oliveira' into text field 'id=signup-form-input-name'.</msg>
<status status="PASS" starttime="20220530 21:07:19.870" endtime="20220530 21:07:19.984"/>
</kw>
<kw name="Input Text" library="SeleniumLibrary">
<arg>${INPUT_EMAIL}</arg>
<arg>${email}</arg>
<doc>Types the given ``text`` into the text field identified by ``locator``.</doc>
<msg timestamp="20220530 21:07:19.985" level="INFO">Typing text '' into text field 'id=signup-form-input-email'.</msg>
<status status="PASS" starttime="20220530 21:07:19.984" endtime="20220530 21:07:20.066"/>
</kw>
<kw name="Input Text" library="SeleniumLibrary">
<arg>${INPUT_PASSWORD}</arg>
<arg>${pass}</arg>
<doc>Types the given ``text`` into the text field identified by ``locator``.</doc>
<msg timestamp="20220530 21:07:20.067" level="INFO">Typing text '@Challenge123' into text field 'id=signup-form-input-password'.</msg>
<status status="PASS" starttime="20220530 21:07:20.066" endtime="20220530 21:07:20.203"/>
</kw>
<kw name="Input Text" library="SeleniumLibrary">
<arg>${INPUT_DOCUMENT}</arg>
<arg>${document}</arg>
<doc>Types the given ``text`` into the text field identified by ``locator``.</doc>
<msg timestamp="20220530 21:07:20.204" level="INFO">Typing text '42334323063' into text field 'id=signup-form-input-document'.</msg>
<status status="PASS" starttime="20220530 21:07:20.204" endtime="20220530 21:07:20.304"/>
</kw>
<kw name="Input Text" library="SeleniumLibrary">
<arg>${INPUT_PHONE}</arg>
<arg>${phone}</arg>
<doc>Types the given ``text`` into the text field identified by ``locator``.</doc>
<msg timestamp="20220530 21:07:20.305" level="INFO">Typing text '61996438523' into text field 'id=signup-form-input-phone'.</msg>
<status status="PASS" starttime="20220530 21:07:20.304" endtime="20220530 21:07:20.408"/>
</kw>
<kw name="Input Text" library="SeleniumLibrary">
<arg>${INPUT_AGE}</arg>
<arg>${idade}</arg>
<doc>Types the given ``text`` into the text field identified by ``locator``.</doc>
<msg timestamp="20220530 21:07:20.408" level="INFO">Typing text '10051994' into text field 'id=signup-form-input-age'.</msg>
<status status="PASS" starttime="20220530 21:07:20.408" endtime="20220530 21:07:20.501"/>
</kw>
<kw name="Realizar scroll da pagina" library="config">
<kw name="Execute Javascript" library="SeleniumLibrary">
<arg>window.scrollTo(100, document.body.scrollHeight)</arg>
<doc>Executes the given JavaScript code with possible arguments.</doc>
<msg timestamp="20220530 21:07:20.502" level="INFO">Executing JavaScript:
window.scrollTo(100, document.body.scrollHeight)
Without any arguments.</msg>
<status status="PASS" starttime="20220530 21:07:20.502" endtime="20220530 21:07:20.506"/>
</kw>
<kw name="Execute Javascript" library="SeleniumLibrary">
<arg>window.scrollTo(100, document.body.scrollHeight)</arg>
<doc>Executes the given JavaScript code with possible arguments.</doc>
<msg timestamp="20220530 21:07:20.506" level="INFO">Executing JavaScript:
window.scrollTo(100, document.body.scrollHeight)
Without any arguments.</msg>
<status status="PASS" starttime="20220530 21:07:20.506" endtime="20220530 21:07:20.508"/>
</kw>
<kw name="Sleep" library="BuiltIn">
<arg>1</arg>
<doc>Pauses the test executed for the given time.</doc>
<msg timestamp="20220530 21:07:21.509" level="INFO">Slept 1 second</msg>
<status status="PASS" starttime="20220530 21:07:20.509" endtime="20220530 21:07:21.509"/>
</kw>
<status status="PASS" starttime="20220530 21:07:20.502" endtime="20220530 21:07:21.510"/>
</kw>
<kw name="Select Checkbox" library="SeleniumLibrary">
<arg>${CHECKBOX_TERMS}</arg>
<doc>Selects the checkbox identified by ``locator``.</doc>
<msg timestamp="20220530 21:07:21.510" level="INFO">Selecting checkbox 'id=sign-up-form-input-terms'.</msg>
<status status="PASS" starttime="20220530 21:07:21.510" endtime="20220530 21:07:21.583"/>
</kw>
<status status="PASS" starttime="20220530 21:07:19.863" endtime="20220530 21:07:21.584"/>
</kw>
<status status="PASS" starttime="20220530 21:07:19.863" endtime="20220530 21:07:21.584"/>
</kw>
<kw name="Entao é apresentado mensagem de alerta" library="cadastro_usuario_resources">
<arg>${field}</arg>
<arg>${msg}</arg>
<if>
<branch type="IF" condition="'${campoObrigatorio}'=='name'">
<kw name="Validar mensagem de alerta do campo nome" library="kw_tela_cadastro">
<arg>${msg}</arg>
<status status="NOT RUN" starttime="20220530 21:07:21.585" endtime="20220530 21:07:21.585"/>
</kw>
<status status="NOT RUN" starttime="20220530 21:07:21.585" endtime="20220530 21:07:21.585"/>
</branch>
<branch type="ELSE IF" condition="'${campoObrigatorio}'=='email'">
<kw name="Validar mensagem de alerta do campo email" library="kw_tela_cadastro">
<arg>${msg}</arg>
<kw name="Element Text Should Be" library="SeleniumLibrary">
<arg>${MSG_EMAIL_ALERT}</arg>
<arg>${msg_alert}</arg>
<doc>Verifies that element ``locator`` contains exact the text ``expected``.</doc>
<msg timestamp="20220530 21:07:21.586" level="WARN">Keyword 'Element Text Should Be' found both from a custom library 'SeleniumLibrary' and a standard library 'XML'. The custom keyword is used. To select explicitly, and to get rid of this warning, use either 'SeleniumLibrary.Element Text Should Be' or 'XML.Element Text Should Be'.</msg>
<msg timestamp="20220530 21:07:21.587" level="INFO">Verifying element 'id=signup-form-input-email-error-message' contains exact text 'O campo e-mail não pode ficar vazio'.</msg>
<status status="PASS" starttime="20220530 21:07:21.586" endtime="20220530 21:07:21.607"/>
</kw>
<status status="PASS" starttime="20220530 21:07:21.586" endtime="20220530 21:07:21.607"/>
</kw>
<status status="PASS" starttime="20220530 21:07:21.585" endtime="20220530 21:07:21.607"/>
</branch>
<branch type="ELSE IF" condition="'${campoObrigatorio}'=='password'">
<kw name="Validar mensagem de alerta do campo password" library="kw_tela_cadastro">
<arg>${msg}</arg>
<status status="NOT RUN" starttime="20220530 21:07:21.607" endtime="20220530 21:07:21.607"/>
</kw>
<status status="NOT RUN" starttime="20220530 21:07:21.607" endtime="20220530 21:07:21.607"/>
</branch>
<branch type="ELSE IF" condition="'${campoObrigatorio}'=='cpf'">
<kw name="Validar mensagem de alerta do campo cpf" library="kw_tela_cadastro">
<arg>${msg}</arg>
<status status="NOT RUN" starttime="20220530 21:07:21.607" endtime="20220530 21:07:21.607"/>
</kw>
<status status="NOT RUN" starttime="20220530 21:07:21.607" endtime="20220530 21:07:21.607"/>
</branch>
<branch type="ELSE IF" condition="'${campoObrigatorio}'=='telefone'">
<kw name="Validar mensagem de alerta do campo telefone" library="kw_tela_cadastro">
<arg>${msg}</arg>
<status status="NOT RUN" starttime="20220530 21:07:21.607" endtime="20220530 21:07:21.607"/>
</kw>
<status status="NOT RUN" starttime="20220530 21:07:21.607" endtime="20220530 21:07:21.607"/>
</branch>
<branch type="ELSE IF" condition="'${campoObrigatorio}'=='data'">
<kw name="Validar mensagem de alerta do campo data" library="kw_tela_cadastro">
<arg>${msg}</arg>
<status status="NOT RUN" starttime="20220530 21:07:21.607" endtime="20220530 21:07:21.607"/>
</kw>
<status status="NOT RUN" starttime="20220530 21:07:21.607" endtime="20220530 21:07:21.608"/>
</branch>
<branch type="ELSE">
<kw name="Validar mensagem de alerta do campo nome" library="kw_tela_cadastro">
<arg>${msg}</arg>
<status status="NOT RUN" starttime="20220530 21:07:21.608" endtime="20220530 21:07:21.608"/>
</kw>
<status status="NOT RUN" starttime="20220530 21:07:21.608" endtime="20220530 21:07:21.608"/>
</branch>
<status status="PASS" starttime="20220530 21:07:21.585" endtime="20220530 21:07:21.608"/>
</if>
<status status="PASS" starttime="20220530 21:07:21.584" endtime="20220530 21:07:21.608"/>
</kw>
<status status="PASS" starttime="20220530 21:07:17.423" endtime="20220530 21:07:21.608"/>
</kw>
<kw name="Fechar o navegador" library="config" type="TEARDOWN">
<kw name="Close Browser" library="SeleniumLibrary">
<doc>Closes the current browser.</doc>
<status status="PASS" starttime="20220530 21:07:21.608" endtime="20220530 21:07:21.665"/>
</kw>
<status status="PASS" starttime="20220530 21:07:21.608" endtime="20220530 21:07:21.665"/>
</kw>
<doc>Caso de teste para validar o comportamento do sistema quando o e-mail do cliente não for informado.</doc>
<tag>cadastro</tag>
<tag>e-mail</tag>
<tag>exceção</tag>
<status status="PASS" starttime="20220530 21:07:16.568" endtime="20220530 21:07:21.665"/>
</test>
<test id="s1-t6" name="Caso de Teste 06 - Cadastro de usuário - E-mail do cliente inválido" line="54">
<kw name="Abrir o navegador" library="config" type="SETUP">
<kw name="Open Browser" library="SeleniumLibrary">
<arg>browser=${BROWSER}</arg>
<doc>Opens a new browser instance to the optional ``url``.</doc>
<msg timestamp="20220530 21:07:21.667" level="INFO">Opening browser 'chrome' to base url 'None'.</msg>
<status status="PASS" starttime="20220530 21:07:21.666" endtime="20220530 21:07:22.373"/>
</kw>
<kw name="Maximize Browser Window" library="SeleniumLibrary">
<doc>Maximizes current browser window.</doc>
<status status="PASS" starttime="20220530 21:07:22.374" endtime="20220530 21:07:22.502"/>
</kw>
<status status="PASS" starttime="20220530 21:07:21.666" endtime="20220530 21:07:22.502"/>
</kw>
<kw name="Validar campos obrigatorios">
<arg>Wilker Oliveira</arg>
<arg>wilker@bol.</arg>
<arg>@Challenge123</arg>
<arg>42334323063</arg>
<arg>61996438523</arg>
<arg>10051994</arg>
<arg>email</arg>
<arg>Eita, esse e-mail não parece correto</arg>
<doc>Caso de teste para validar os campos obrigatórios.</doc>
<kw name="Dado que estou na tela de login do Zé delivery" library="cadastro_usuario_resources">
<kw name="Ir para pagina do Ze" library="config">
<kw name="Go To" library="SeleniumLibrary">
<arg>url=${URl}</arg>
<doc>Navigates the current browser window to the provided ``url``.</doc>
<msg timestamp="20220530 21:07:22.506" level="INFO">Opening url 'https://www.ze.delivery/conta/entrar'</msg>
<status status="PASS" starttime="20220530 21:07:22.505" endtime="20220530 21:07:25.001"/>
</kw>
<status status="PASS" starttime="20220530 21:07:22.505" endtime="20220530 21:07:25.002"/>
</kw>
<status status="PASS" starttime="20220530 21:07:22.504" endtime="20220530 21:07:25.002"/>
</kw>
<kw name="Quando acessar a opção para cadastro de cliente" library="cadastro_usuario_resources">
<kw name="Quero cadastrar uma conta no Ze" library="kw_tela_login">
<kw name="Click Element" library="SeleniumLibrary">
<arg>${BTN_CRIAR_CONTA}</arg>
<doc>Click the element identified by ``locator``.</doc>
<msg timestamp="20220530 21:07:25.003" level="INFO">Clicking element 'id=create-account-link'.</msg>
<status status="PASS" starttime="20220530 21:07:25.003" endtime="20220530 21:07:25.055"/>
</kw>
<kw name="Wait Until Page Contains" library="SeleniumLibrary">
<arg>${TITLE_CRIAR_CONTA}</arg>
<doc>Waits until ``text`` appears on the current page.</doc>
<status status="PASS" starttime="20220530 21:07:25.055" endtime="20220530 21:07:25.067"/>
</kw>
<status status="PASS" starttime="20220530 21:07:25.003" endtime="20220530 21:07:25.068"/>
</kw>
<status status="PASS" starttime="20220530 21:07:25.002" endtime="20220530 21:07:25.068"/>
</kw>
<kw name="E preencho o formulário de cadastro de forma inválida" library="cadastro_usuario_resources">
<arg>${name}</arg>
<arg>${email}</arg>
<arg>${pass}</arg>
<arg>${cpf}</arg>
<arg>${tel}</arg>
<arg>${dataNiver}</arg>
<kw name="Preencher formulario de cadastro de cliente" library="kw_tela_cadastro">
<arg>${name}</arg>
<arg>${email}</arg>
<arg>${pass}</arg>
<arg>${cpf}</arg>
<arg>${tel}</arg>
<arg>${dataNiver}</arg>
<kw name="Wait Until Element Is Not Visible" library="SeleniumLibrary">
<arg>${BTN_CRIAR_CONTA}</arg>
<doc>Waits until the element ``locator`` is not visible.</doc>
<status status="PASS" starttime="20220530 21:07:25.070" endtime="20220530 21:07:25.075"/>
</kw>
<kw name="Input Text" library="SeleniumLibrary">
<arg>${INPUT_NAME}</arg>
<arg>${nome}</arg>
<doc>Types the given ``text`` into the text field identified by ``locator``.</doc>
<msg timestamp="20220530 21:07:25.076" level="INFO">Typing text 'Wilker Oliveira' into text field 'id=signup-form-input-name'.</msg>
<status status="PASS" starttime="20220530 21:07:25.075" endtime="20220530 21:07:25.227"/>
</kw>
<kw name="Input Text" library="SeleniumLibrary">
<arg>${INPUT_EMAIL}</arg>
<arg>${email}</arg>
<doc>Types the given ``text`` into the text field identified by ``locator``.</doc>
<msg timestamp="20220530 21:07:25.227" level="INFO">Typing text 'wilker@bol.' into text field 'id=signup-form-input-email'.</msg>
<status status="PASS" starttime="20220530 21:07:25.227" endtime="20220530 21:07:25.312"/>
</kw>
<kw name="Input Text" library="SeleniumLibrary">
<arg>${INPUT_PASSWORD}</arg>
<arg>${pass}</arg>
<doc>Types the given ``text`` into the text field identified by ``locator``.</doc>
<msg timestamp="20220530 21:07:25.312" level="INFO">Typing text '@Challenge123' into text field 'id=signup-form-input-password'.</msg>
<status status="PASS" starttime="20220530 21:07:25.312" endtime="20220530 21:07:25.435"/>
</kw>
<kw name="Input Text" library="SeleniumLibrary">
<arg>${INPUT_DOCUMENT}</arg>
<arg>${document}</arg>
<doc>Types the given ``text`` into the text field identified by ``locator``.</doc>
<msg timestamp="20220530 21:07:25.436" level="INFO">Typing text '42334323063' into text field 'id=signup-form-input-document'.</msg>
<status status="PASS" starttime="20220530 21:07:25.436" endtime="20220530 21:07:25.536"/>
</kw>
<kw name="Input Text" library="SeleniumLibrary">
<arg>${INPUT_PHONE}</arg>
<arg>${phone}</arg>
<doc>Types the given ``text`` into the text field identified by ``locator``.</doc>
<msg timestamp="20220530 21:07:25.536" level="INFO">Typing text '61996438523' into text field 'id=signup-form-input-phone'.</msg>
<status status="PASS" starttime="20220530 21:07:25.536" endtime="20220530 21:07:25.644"/>
</kw>
<kw name="Input Text" library="SeleniumLibrary">
<arg>${INPUT_AGE}</arg>
<arg>${idade}</arg>
<doc>Types the given ``text`` into the text field identified by ``locator``.</doc>
<msg timestamp="20220530 21:07:25.645" level="INFO">Typing text '10051994' into text field 'id=signup-form-input-age'.</msg>
<status status="PASS" starttime="20220530 21:07:25.644" endtime="20220530 21:07:25.747"/>
</kw>
<kw name="Realizar scroll da pagina" library="config">
<kw name="Execute Javascript" library="SeleniumLibrary">
<arg>window.scrollTo(100, document.body.scrollHeight)</arg>
<doc>Executes the given JavaScript code with possible arguments.</doc>
<msg timestamp="20220530 21:07:25.749" level="INFO">Executing JavaScript:
window.scrollTo(100, document.body.scrollHeight)
Without any arguments.</msg>
<status status="PASS" starttime="20220530 21:07:25.748" endtime="20220530 21:07:25.753"/>
</kw>
<kw name="Execute Javascript" library="SeleniumLibrary">
<arg>window.scrollTo(100, document.body.scrollHeight)</arg>
<doc>Executes the given JavaScript code with possible arguments.</doc>
<msg timestamp="20220530 21:07:25.754" level="INFO">Executing JavaScript:
window.scrollTo(100, document.body.scrollHeight)
Without any arguments.</msg>
<status status="PASS" starttime="20220530 21:07:25.753" endtime="20220530 21:07:25.756"/>
</kw>
<kw name="Sleep" library="BuiltIn">
<arg>1</arg>
<doc>Pauses the test executed for the given time.</doc>
<msg timestamp="20220530 21:07:26.757" level="INFO">Slept 1 second</msg>
<status status="PASS" starttime="20220530 21:07:25.756" endtime="20220530 21:07:26.757"/>
</kw>
<status status="PASS" starttime="20220530 21:07:25.748" endtime="20220530 21:07:26.757"/>
</kw>
<kw name="Select Checkbox" library="SeleniumLibrary">
<arg>${CHECKBOX_TERMS}</arg>
<doc>Selects the checkbox identified by ``locator``.</doc>
<msg timestamp="20220530 21:07:26.758" level="INFO">Selecting checkbox 'id=sign-up-form-input-terms'.</msg>
<status status="PASS" starttime="20220530 21:07:26.758" endtime="20220530 21:07:26.836"/>
</kw>
<status status="PASS" starttime="20220530 21:07:25.069" endtime="20220530 21:07:26.836"/>
</kw>
<status status="PASS" starttime="20220530 21:07:25.068" endtime="20220530 21:07:26.836"/>
</kw>
<kw name="Entao é apresentado mensagem de alerta" library="cadastro_usuario_resources">
<arg>${field}</arg>
<arg>${msg}</arg>
<if>
<branch type="IF" condition="'${campoObrigatorio}'=='name'">
<kw name="Validar mensagem de alerta do campo nome" library="kw_tela_cadastro">
<arg>${msg}</arg>
<status status="NOT RUN" starttime="20220530 21:07:26.837" endtime="20220530 21:07:26.837"/>
</kw>
<status status="NOT RUN" starttime="20220530 21:07:26.837" endtime="20220530 21:07:26.837"/>
</branch>
<branch type="ELSE IF" condition="'${campoObrigatorio}'=='email'">
<kw name="Validar mensagem de alerta do campo email" library="kw_tela_cadastro">
<arg>${msg}</arg>
<kw name="Element Text Should Be" library="SeleniumLibrary">
<arg>${MSG_EMAIL_ALERT}</arg>
<arg>${msg_alert}</arg>
<doc>Verifies that element ``locator`` contains exact the text ``expected``.</doc>
<msg timestamp="20220530 21:07:26.838" level="WARN">Keyword 'Element Text Should Be' found both from a custom library 'SeleniumLibrary' and a standard library 'XML'. The custom keyword is used. To select explicitly, and to get rid of this warning, use either 'SeleniumLibrary.Element Text Should Be' or 'XML.Element Text Should Be'.</msg>
<msg timestamp="20220530 21:07:26.838" level="INFO">Verifying element 'id=signup-form-input-email-error-message' contains exact text 'Eita, esse e-mail não parece correto'.</msg>
<status status="PASS" starttime="20220530 21:07:26.838" endtime="20220530 21:07:26.854"/>
</kw>
<status status="PASS" starttime="20220530 21:07:26.837" endtime="20220530 21:07:26.854"/>
</kw>
<status status="PASS" starttime="20220530 21:07:26.837" endtime="20220530 21:07:26.854"/>
</branch>
<branch type="ELSE IF" condition="'${campoObrigatorio}'=='password'">
<kw name="Validar mensagem de alerta do campo password" library="kw_tela_cadastro">
<arg>${msg}</arg>
<status status="NOT RUN" starttime="20220530 21:07:26.855" endtime="20220530 21:07:26.855"/>
</kw>
<status status="NOT RUN" starttime="20220530 21:07:26.855" endtime="20220530 21:07:26.855"/>
</branch>
<branch type="ELSE IF" condition="'${campoObrigatorio}'=='cpf'">
<kw name="Validar mensagem de alerta do campo cpf" library="kw_tela_cadastro">
<arg>${msg}</arg>
<status status="NOT RUN" starttime="20220530 21:07:26.855" endtime="20220530 21:07:26.855"/>
</kw>
<status status="NOT RUN" starttime="20220530 21:07:26.855" endtime="20220530 21:07:26.855"/>
</branch>
<branch type="ELSE IF" condition="'${campoObrigatorio}'=='telefone'">
<kw name="Validar mensagem de alerta do campo telefone" library="kw_tela_cadastro">
<arg>${msg}</arg>
<status status="NOT RUN" starttime="20220530 21:07:26.855" endtime="20220530 21:07:26.855"/>
</kw>
<status status="NOT RUN" starttime="20220530 21:07:26.855" endtime="20220530 21:07:26.855"/>
</branch>
<branch type="ELSE IF" condition="'${campoObrigatorio}'=='data'">
<kw name="Validar mensagem de alerta do campo data" library="kw_tela_cadastro">
<arg>${msg}</arg>
<status status="NOT RUN" starttime="20220530 21:07:26.855" endtime="20220530 21:07:26.855"/>
</kw>
<status status="NOT RUN" starttime="20220530 21:07:26.855" endtime="20220530 21:07:26.855"/>
</branch>
<branch type="ELSE">
<kw name="Validar mensagem de alerta do campo nome" library="kw_tela_cadastro">
<arg>${msg}</arg>
<status status="NOT RUN" starttime="20220530 21:07:26.855" endtime="20220530 21:07:26.855"/>
</kw>
<status status="NOT RUN" starttime="20220530 21:07:26.855" endtime="20220530 21:07:26.855"/>
</branch>
<status status="PASS" starttime="20220530 21:07:26.837" endtime="20220530 21:07:26.855"/>
</if>
<status status="PASS" starttime="20220530 21:07:26.836" endtime="20220530 21:07:26.855"/>
</kw>
<status status="PASS" starttime="20220530 21:07:22.503" endtime="20220530 21:07:26.855"/>
</kw>
<kw name="Fechar o navegador" library="config" type="TEARDOWN">
<kw name="Close Browser" library="SeleniumLibrary">
<doc>Closes the current browser.</doc>
<status status="PASS" starttime="20220530 21:07:26.856" endtime="20220530 21:07:26.913"/>
</kw>
<status status="PASS" starttime="20220530 21:07:26.855" endtime="20220530 21:07:26.913"/>
</kw>
<doc>Caso de teste para validar o comportamento do sistema quando o e-mail informado é inválido.</doc>
<tag>cadastro</tag>
<tag>e-mail</tag>
<tag>exceção</tag>
<status status="PASS" starttime="20220530 21:07:21.666" endtime="20220530 21:07:26.913"/>
</test>
<test id="s1-t7" name="Caso de Teste 07 - Cadastro de usuário - Senha do cliente não informada" line="60">
<kw name="Abrir o navegador" library="config" type="SETUP">
<kw name="Open Browser" library="SeleniumLibrary">
<arg>browser=${BROWSER}</arg>
<doc>Opens a new browser instance to the optional ``url``.</doc>
<msg timestamp="20220530 21:07:26.915" level="INFO">Opening browser 'chrome' to base url 'None'.</msg>
<status status="PASS" starttime="20220530 21:07:26.915" endtime="20220530 21:07:27.625"/>
</kw>
<kw name="Maximize Browser Window" library="SeleniumLibrary">
<doc>Maximizes current browser window.</doc>
<status status="PASS" starttime="20220530 21:07:27.625" endtime="20220530 21:07:27.776"/>
</kw>
<status status="PASS" starttime="20220530 21:07:26.915" endtime="20220530 21:07:27.777"/>
</kw>
<kw name="Validar campos obrigatorios">
<arg>Wilker Oliveira</arg>
<arg>wilker@bol.com.br</arg>
<arg>${EMPTY}</arg>
<arg>42334323063</arg>
<arg>61996438523</arg>
<arg>10051994</arg>
<arg>password</arg>
<arg>O campo senha não pode ficar vazio</arg>
<doc>Caso de teste para validar os campos obrigatórios.</doc>
<kw name="Dado que estou na tela de login do Zé delivery" library="cadastro_usuario_resources">
<kw name="Ir para pagina do Ze" library="config">
<kw name="Go To" library="SeleniumLibrary">
<arg>url=${URl}</arg>
<doc>Navigates the current browser window to the provided ``url``.</doc>
<msg timestamp="20220530 21:07:27.782" level="INFO">Opening url 'https://www.ze.delivery/conta/entrar'</msg>
<status status="PASS" starttime="20220530 21:07:27.781" endtime="20220530 21:07:30.009"/>
</kw>
<status status="PASS" starttime="20220530 21:07:27.780" endtime="20220530 21:07:30.009"/>
</kw>
<status status="PASS" starttime="20220530 21:07:27.779" endtime="20220530 21:07:30.009"/>
</kw>
<kw name="Quando acessar a opção para cadastro de cliente" library="cadastro_usuario_resources">
<kw name="Quero cadastrar uma conta no Ze" library="kw_tela_login">
<kw name="Click Element" library="SeleniumLibrary">
<arg>${BTN_CRIAR_CONTA}</arg>
<doc>Click the element identified by ``locator``.</doc>
<msg timestamp="20220530 21:07:30.010" level="INFO">Clicking element 'id=create-account-link'.</msg>
<status status="PASS" starttime="20220530 21:07:30.010" endtime="20220530 21:07:30.060"/>
</kw>
<kw name="Wait Until Page Contains" library="SeleniumLibrary">
<arg>${TITLE_CRIAR_CONTA}</arg>
<doc>Waits until ``text`` appears on the current page.</doc>
<status status="PASS" starttime="20220530 21:07:30.060" endtime="20220530 21:07:30.072"/>
</kw>
<status status="PASS" starttime="20220530 21:07:30.010" endtime="20220530 21:07:30.072"/>
</kw>
<status status="PASS" starttime="20220530 21:07:30.009" endtime="20220530 21:07:30.072"/>
</kw>
<kw name="E preencho o formulário de cadastro de forma inválida" library="cadastro_usuario_resources">
<arg>${name}</arg>
<arg>${email}</arg>
<arg>${pass}</arg>
<arg>${cpf}</arg>
<arg>${tel}</arg>
<arg>${dataNiver}</arg>
<kw name="Preencher formulario de cadastro de cliente" library="kw_tela_cadastro">
<arg>${name}</arg>
<arg>${email}</arg>
<arg>${pass}</arg>
<arg>${cpf}</arg>
<arg>${tel}</arg>
<arg>${dataNiver}</arg>
<kw name="Wait Until Element Is Not Visible" library="SeleniumLibrary">
<arg>${BTN_CRIAR_CONTA}</arg>
<doc>Waits until the element ``locator`` is not visible.</doc>
<status status="PASS" starttime="20220530 21:07:30.073" endtime="20220530 21:07:30.077"/>
[...]
<msg timestamp="20220530 21:08:07.229" level="WARN">Keyword 'Element Text Should Be' found both from a custom library 'SeleniumLibrary' and a standard library 'XML'. The custom keyword is used. To select explicitly, and to get rid of this warning, use either 'SeleniumLibrary.Element Text Should Be' or 'XML.Element Text Should Be'.</msg>
<msg timestamp="20220530 21:08:07.229" level="INFO">Verifying element 'id=signup-form-input-age-error-message' contains exact text 'Data de nascimento não parece correta'.</msg>
<status status="PASS" starttime="20220530 21:08:07.229" endtime="20220530 21:08:07.245"/>
</kw>
<status status="PASS" starttime="20220530 21:08:07.228" endtime="20220530 21:08:07.245"/>
</kw>
<status status="PASS" starttime="20220530 21:08:07.228" endtime="20220530 21:08:07.245"/>
</branch>
<branch type="ELSE">
<kw name="Validar mensagem de alerta do campo nome" library="kw_tela_cadastro">
<arg>${msg}</arg>
<status status="NOT RUN" starttime="20220530 21:08:07.245" endtime="20220530 21:08:07.245"/>
</kw>
<status status="NOT RUN" starttime="20220530 21:08:07.245" endtime="20220530 21:08:07.245"/>
</branch>
<status status="PASS" starttime="20220530 21:08:07.227" endtime="20220530 21:08:07.245"/>
</if>
<status status="PASS" starttime="20220530 21:08:07.227" endtime="20220530 21:08:07.245"/>
</kw>
<status status="PASS" starttime="20220530 21:08:02.754" endtime="20220530 21:08:07.245"/>
</kw>
<kw name="Fechar o navegador" library="config" type="TEARDOWN">
<kw name="Close Browser" library="SeleniumLibrary">
<doc>Closes the current browser.</doc>
<status status="PASS" starttime="20220530 21:08:07.246" endtime="20220530 21:08:07.302"/>
</kw>
<status status="PASS" starttime="20220530 21:08:07.245" endtime="20220530 21:08:07.303"/>
</kw>
<doc>Caso de teste para validar o comportamento do sistema quando data de nascimento for inválida.</doc>
<tag>cadastro</tag>
<tag>exceção</tag>
<tag>telefone</tag>
<status status="PASS" starttime="20220530 21:08:01.894" endtime="20220530 21:08:07.303"/>
</test>
<test id="s1-t15" name="Caso de Teste 15 - Cadastro de usuário - Usuário menor de idade" line="108">
<kw name="Abrir o navegador" library="config" type="SETUP">
<kw name="Open Browser" library="SeleniumLibrary">
<arg>browser=${BROWSER}</arg>
<doc>Opens a new browser instance to the optional ``url``.</doc>
<msg timestamp="20220530 21:08:07.304" level="INFO">Opening browser 'chrome' to base url 'None'.</msg>
<status status="PASS" starttime="20220530 21:08:07.304" endtime="20220530 21:08:08.015"/>
</kw>
<kw name="Maximize Browser Window" library="SeleniumLibrary">
<doc>Maximizes current browser window.</doc>
<status status="PASS" starttime="20220530 21:08:08.016" endtime="20220530 21:08:08.145"/>
</kw>
<status status="PASS" starttime="20220530 21:08:07.304" endtime="20220530 21:08:08.145"/>
</kw>
<kw name="Validar campos obrigatorios">
<arg>Wilker Oliveira</arg>
<arg>wilker@bol.com.br</arg>
<arg>@Challenge123</arg>
<arg>42334323063</arg>
<arg>61996438523</arg>
<arg>10052020</arg>
<arg>data</arg>
<arg>Sua idade deve ser maior que 18 anos</arg>
<doc>Caso de teste para validar os campos obrigatórios.</doc>
<kw name="Dado que estou na tela de login do Zé delivery" library="cadastro_usuario_resources">
<kw name="Ir para pagina do Ze" library="config">
<kw name="Go To" library="SeleniumLibrary">
<arg>url=${URl}</arg>
<doc>Navigates the current browser window to the provided ``url``.</doc>
<msg timestamp="20220530 21:08:08.149" level="INFO">Opening url 'https://www.ze.delivery/conta/entrar'</msg>
<status status="PASS" starttime="20220530 21:08:08.148" endtime="20220530 21:08:10.428"/>
</kw>
<status status="PASS" starttime="20220530 21:08:08.147" endtime="20220530 21:08:10.428"/>
</kw>
<status status="PASS" starttime="20220530 21:08:08.147" endtime="20220530 21:08:10.428"/>
</kw>
<kw name="Quando acessar a opção para cadastro de cliente" library="cadastro_usuario_resources">
<kw name="Quero cadastrar uma conta no Ze" library="kw_tela_login">
<kw name="Click Element" library="SeleniumLibrary">
<arg>${BTN_CRIAR_CONTA}</arg>
<doc>Click the element identified by ``locator``.</doc>
<msg timestamp="20220530 21:08:10.430" level="INFO">Clicking element 'id=create-account-link'.</msg>
<status status="PASS" starttime="20220530 21:08:10.429" endtime="20220530 21:08:10.484"/>
</kw>
<kw name="Wait Until Page Contains" library="SeleniumLibrary">
<arg>${TITLE_CRIAR_CONTA}</arg>
<doc>Waits until ``text`` appears on the current page.</doc>
<status status="PASS" starttime="20220530 21:08:10.484" endtime="20220530 21:08:10.497"/>
</kw>
<status status="PASS" starttime="20220530 21:08:10.429" endtime="20220530 21:08:10.498"/>
</kw>
<status status="PASS" starttime="20220530 21:08:10.429" endtime="20220530 21:08:10.498"/>
</kw>
<kw name="E preencho o formulário de cadastro de forma inválida" library="cadastro_usuario_resources">
<arg>${name}</arg>
<arg>${email}</arg>
<arg>${pass}</arg>
<arg>${cpf}</arg>
<arg>${tel}</arg>
<arg>${dataNiver}</arg>
<kw name="Preencher formulario de cadastro de cliente" library="kw_tela_cadastro">
<arg>${name}</arg>
<arg>${email}</arg>
<arg>${pass}</arg>
<arg>${cpf}</arg>
<arg>${tel}</arg>
<arg>${dataNiver}</arg>
<kw name="Wait Until Element Is Not Visible" library="SeleniumLibrary">
<arg>${BTN_CRIAR_CONTA}</arg>
<doc>Waits until the element ``locator`` is not visible.</doc>
<status status="PASS" starttime="20220530 21:08:10.499" endtime="20220530 21:08:10.504"/>
</kw>
<kw name="Input Text" library="SeleniumLibrary">
<arg>${INPUT_NAME}</arg>
<arg>${nome}</arg>
<doc>Types the given ``text`` into the text field identified by ``locator``.</doc>
<msg timestamp="20220530 21:08:10.505" level="INFO">Typing text 'Wilker Oliveira' into text field 'id=signup-form-input-name'.</msg>
<status status="PASS" starttime="20220530 21:08:10.505" endtime="20220530 21:08:10.652"/>
</kw>
<kw name="Input Text" library="SeleniumLibrary">
<arg>${INPUT_EMAIL}</arg>
<arg>${email}</arg>
<doc>Types the given ``text`` into the text field identified by ``locator``.</doc>
<msg timestamp="20220530 21:08:10.652" level="INFO">Typing text 'wilker@bol.com.br' into text field 'id=signup-form-input-email'.</msg>
<status status="PASS" starttime="20220530 21:08:10.652" endtime="20220530 21:08:10.749"/>
</kw>
<kw name="Input Text" library="SeleniumLibrary">
<arg>${INPUT_PASSWORD}</arg>
<arg>${pass}</arg>
<doc>Types the given ``text`` into the text field identified by ``locator``.</doc>
<msg timestamp="20220530 21:08:10.749" level="INFO">Typing text '@Challenge123' into text field 'id=signup-form-input-password'.</msg>
<status status="PASS" starttime="20220530 21:08:10.749" endtime="20220530 21:08:10.853"/>
</kw>
<kw name="Input Text" library="SeleniumLibrary">
<arg>${INPUT_DOCUMENT}</arg>
<arg>${document}</arg>
<doc>Types the given ``text`` into the text field identified by ``locator``.</doc>
<msg timestamp="20220530 21:08:10.853" level="INFO">Typing text '42334323063' into text field 'id=signup-form-input-document'.</msg>
<status status="PASS" starttime="20220530 21:08:10.853" endtime="20220530 21:08:10.937"/>
</kw>
<kw name="Input Text" library="SeleniumLibrary">
<arg>${INPUT_PHONE}</arg>
<arg>${phone}</arg>
<doc>Types the given ``text`` into the text field identified by ``locator``.</doc>
<msg timestamp="20220530 21:08:10.937" level="INFO">Typing text '61996438523' into text field 'id=signup-form-input-phone'.</msg>
<status status="PASS" starttime="20220530 21:08:10.937" endtime="20220530 21:08:11.020"/>
</kw>
<kw name="Input Text" library="SeleniumLibrary">
<arg>${INPUT_AGE}</arg>
<arg>${idade}</arg>
<doc>Types the given ``text`` into the text field identified by ``locator``.</doc>
<msg timestamp="20220530 21:08:11.020" level="INFO">Typing text '10052020' into text field 'id=signup-form-input-age'.</msg>
<status status="PASS" starttime="20220530 21:08:11.020" endtime="20220530 21:08:11.099"/>
</kw>
<kw name="Realizar scroll da pagina" library="config">
<kw name="Execute Javascript" library="SeleniumLibrary">
<arg>window.scrollTo(100, document.body.scrollHeight)</arg>
<doc>Executes the given JavaScript code with possible arguments.</doc>
<msg timestamp="20220530 21:08:11.100" level="INFO">Executing JavaScript:
window.scrollTo(100, document.body.scrollHeight)
Without any arguments.</msg>
<status status="PASS" starttime="20220530 21:08:11.099" endtime="20220530 21:08:11.103"/>
</kw>
<kw name="Execute Javascript" library="SeleniumLibrary">
<arg>window.scrollTo(100, document.body.scrollHeight)</arg>
<doc>Executes the given JavaScript code with possible arguments.</doc>
<msg timestamp="20220530 21:08:11.103" level="INFO">Executing JavaScript:
window.scrollTo(100, document.body.scrollHeight)
Without any arguments.</msg>
<status status="PASS" starttime="20220530 21:08:11.103" endtime="20220530 21:08:11.105"/>
</kw>
<kw name="Sleep" library="BuiltIn">
<arg>1</arg>
<doc>Pauses the test executed for the given time.</doc>
<msg timestamp="20220530 21:08:12.105" level="INFO">Slept 1 second</msg>
<status status="PASS" starttime="20220530 21:08:11.105" endtime="20220530 21:08:12.105"/>
</kw>
<status status="PASS" starttime="20220530 21:08:11.099" endtime="20220530 21:08:12.106"/>
</kw>
<kw name="Select Checkbox" library="SeleniumLibrary">
<arg>${CHECKBOX_TERMS}</arg>
<doc>Selects the checkbox identified by ``locator``.</doc>
<msg timestamp="20220530 21:08:12.107" level="INFO">Selecting checkbox 'id=sign-up-form-input-terms'.</msg>
<status status="PASS" starttime="20220530 21:08:12.106" endtime="20220530 21:08:12.172"/>
</kw>
<status status="PASS" starttime="20220530 21:08:10.499" endtime="20220530 21:08:12.172"/>
</kw>
<status status="PASS" starttime="20220530 21:08:10.498" endtime="20220530 21:08:12.172"/>
</kw>
<kw name="Entao é apresentado mensagem de alerta" library="cadastro_usuario_resources">
<arg>${field}</arg>
<arg>${msg}</arg>
<if>
<branch type="IF" condition="'${campoObrigatorio}'=='name'">
<kw name="Validar mensagem de alerta do campo nome" library="kw_tela_cadastro">
<arg>${msg}</arg>
<status status="NOT RUN" starttime="20220530 21:08:12.173" endtime="20220530 21:08:12.173"/>
</kw>
<status status="NOT RUN" starttime="20220530 21:08:12.173" endtime="20220530 21:08:12.173"/>
</branch>
<branch type="ELSE IF" condition="'${campoObrigatorio}'=='email'">
<kw name="Validar mensagem de alerta do campo email" library="kw_tela_cadastro">
<arg>${msg}</arg>
<status status="NOT RUN" starttime="20220530 21:08:12.173" endtime="20220530 21:08:12.173"/>
</kw>
<status status="NOT RUN" starttime="20220530 21:08:12.173" endtime="20220530 21:08:12.173"/>
</branch>
<branch type="ELSE IF" condition="'${campoObrigatorio}'=='password'">
<kw name="Validar mensagem de alerta do campo password" library="kw_tela_cadastro">
<arg>${msg}</arg>
<status status="NOT RUN" starttime="20220530 21:08:12.173" endtime="20220530 21:08:12.173"/>
</kw>
<status status="NOT RUN" starttime="20220530 21:08:12.173" endtime="20220530 21:08:12.173"/>
</branch>
<branch type="ELSE IF" condition="'${campoObrigatorio}'=='cpf'">
<kw name="Validar mensagem de alerta do campo cpf" library="kw_tela_cadastro">
<arg>${msg}</arg>
<status status="NOT RUN" starttime="20220530 21:08:12.173" endtime="20220530 21:08:12.173"/>
</kw>
<status status="NOT RUN" starttime="20220530 21:08:12.173" endtime="20220530 21:08:12.173"/>
</branch>
<branch type="ELSE IF" condition="'${campoObrigatorio}'=='telefone'">
<kw name="Validar mensagem de alerta do campo telefone" library="kw_tela_cadastro">
<arg>${msg}</arg>
<status status="NOT RUN" starttime="20220530 21:08:12.174" endtime="20220530 21:08:12.174"/>
</kw>
<status status="NOT RUN" starttime="20220530 21:08:12.174" endtime="20220530 21:08:12.174"/>
</branch>
<branch type="ELSE IF" condition="'${campoObrigatorio}'=='data'">
<kw name="Validar mensagem de alerta do campo data" library="kw_tela_cadastro">
<arg>${msg}</arg>
<kw name="Element Text Should Be" library="SeleniumLibrary">
<arg>${MSG_DATA_ALERT}</arg>
<arg>${msg_alert}</arg>
<doc>Verifies that element ``locator`` contains exact the text ``expected``.</doc>
<msg timestamp="20220530 21:08:12.174" level="WARN">Keyword 'Element Text Should Be' found both from a custom library 'SeleniumLibrary' and a standard library 'XML'. The custom keyword is used. To select explicitly, and to get rid of this warning, use either 'SeleniumLibrary.Element Text Should Be' or 'XML.Element Text Should Be'.</msg>
<msg timestamp="20220530 21:08:12.175" level="INFO">Verifying element 'id=signup-form-input-age-error-message' contains exact text 'Sua idade deve ser maior que 18 anos'.</msg>
<status status="PASS" starttime="20220530 21:08:12.174" endtime="20220530 21:08:12.191"/>
</kw>
<status status="PASS" starttime="20220530 21:08:12.174" endtime="20220530 21:08:12.192"/>
</kw>
<status status="PASS" starttime="20220530 21:08:12.174" endtime="20220530 21:08:12.192"/>
</branch>
<branch type="ELSE">
<kw name="Validar mensagem de alerta do campo nome" library="kw_tela_cadastro">
<arg>${msg}</arg>
<status status="NOT RUN" starttime="20220530 21:08:12.192" endtime="20220530 21:08:12.192"/>
</kw>
<status status="NOT RUN" starttime="20220530 21:08:12.192" endtime="20220530 21:08:12.192"/>
</branch>
<status status="PASS" starttime="20220530 21:08:12.173" endtime="20220530 21:08:12.192"/>
</if>
<status status="PASS" starttime="20220530 21:08:12.173" endtime="20220530 21:08:12.192"/>
</kw>
<status status="PASS" starttime="20220530 21:08:08.146" endtime="20220530 21:08:12.192"/>
</kw>
<kw name="Fechar o navegador" library="config" type="TEARDOWN">
<kw name="Close Browser" library="SeleniumLibrary">
<doc>Closes the current browser.</doc>
<status status="PASS" starttime="20220530 21:08:12.193" endtime="20220530 21:08:12.252"/>
</kw>
<status status="PASS" starttime="20220530 21:08:12.192" endtime="20220530 21:08:12.252"/>
</kw>
<doc>Caso de teste para validar o comportamento do sistema quando data de nascimento for inválida.</doc>
<tag>cadastro</tag>
<tag>exceção</tag>
<tag>telefone</tag>
<status status="PASS" starttime="20220530 21:08:07.303" endtime="20220530 21:08:12.252"/>
</test>
<doc>Suite de testes para cadastro de usuário.</doc>
<status status="PASS" starttime="20220530 21:06:38.767" endtime="20220530 21:08:12.254"/>
</suite>
<statistics>
<total>
<stat pass="15" fail="0" skip="0">All Tests</stat>
</total>
<tag>
<stat pass="15" fail="0" skip="0">cadastro</stat>
<stat pass="2" fail="0" skip="0">cpf</stat>
<stat pass="2" fail="0" skip="0">e-mail</stat>
<stat pass="14" fail="0" skip="0">exceção</stat>
<stat pass="3" fail="0" skip="0">Nome</stat>
<stat pass="1" fail="0" skip="0">positivo</stat>
<stat pass="2" fail="0" skip="0">senha</stat>
<stat pass="5" fail="0" skip="0">telefone</stat>
</tag>
<suite>
<stat pass="15" fail="0" skip="0" id="s1" name="Cadastro Usuario Tests">Cadastro Usuario Tests</stat>
</suite>
</statistics>
<errors>
<msg timestamp="20220530 21:06:55.525" level="WARN">Keyword 'Element Text Should Be' found both from a custom library 'SeleniumLibrary' and a standard library 'XML'. The custom keyword is used. To select explicitly, and to get rid of this warning, use either 'SeleniumLibrary.Element Text Should Be' or 'XML.Element Text Should Be'.</msg>
<msg timestamp="20220530 21:07:05.699" level="WARN">Keyword 'Element Text Should Be' found both from a custom library 'SeleniumLibrary' and a standard library 'XML'. The custom keyword is used. To select explicitly, and to get rid of this warning, use either 'SeleniumLibrary.Element Text Should Be' or 'XML.Element Text Should Be'.</msg>
<msg timestamp="20220530 21:07:10.850" level="WARN">Keyword 'Element Text Should Be' found both from a custom library 'SeleniumLibrary' and a standard library 'XML'. The custom keyword is used. To select explicitly, and to get rid of this warning, use either 'SeleniumLibrary.Element Text Should Be' or 'XML.Element Text Should Be'.</msg>
<msg timestamp="20220530 21:07:16.493" level="WARN">Keyword 'Element Text Should Be' found both from a custom library 'SeleniumLibrary' and a standard library 'XML'. The custom keyword is used. To select explicitly, and to get rid of this warning, use either 'SeleniumLibrary.Element Text Should Be' or 'XML.Element Text Should Be'.</msg>
<msg timestamp="20220530 21:07:21.586" level="WARN">Keyword 'Element Text Should Be' found both from a custom library 'SeleniumLibrary' and a standard library 'XML'. The custom keyword is used. To select explicitly, and to get rid of this warning, use either 'SeleniumLibrary.Element Text Should Be' or 'XML.Element Text Should Be'.</msg>
<msg timestamp="20220530 21:07:26.838" level="WARN">Keyword 'Element Text Should Be' found both from a custom library 'SeleniumLibrary' and a standard library 'XML'. The custom keyword is used. To select explicitly, and to get rid of this warning, use either 'SeleniumLibrary.Element Text Should Be' or 'XML.Element Text Should Be'.</msg>
<msg timestamp="20220530 21:07:31.754" level="WARN">Keyword 'Element Text Should Be' found both from a custom library 'SeleniumLibrary' and a standard library 'XML'. The custom keyword is used. To select explicitly, and to get rid of this warning, use either 'SeleniumLibrary.Element Text Should Be' or 'XML.Element Text Should Be'.</msg>
<msg timestamp="20220530 21:07:36.788" level="WARN">Keyword 'Element Text Should Be' found both from a custom library 'SeleniumLibrary' and a standard library 'XML'. The custom keyword is used. To select explicitly, and to get rid of this warning, use either 'SeleniumLibrary.Element Text Should Be' or 'XML.Element Text Should Be'.</msg>
<msg timestamp="20220530 21:07:41.877" level="WARN">Keyword 'Element Text Should Be' found both from a custom library 'SeleniumLibrary' and a standard library 'XML'. The custom keyword is used. To select explicitly, and to get rid of this warning, use either 'SeleniumLibrary.Element Text Should Be' or 'XML.Element Text Should Be'.</msg>
<msg timestamp="20220530 21:07:46.902" level="WARN">Keyword 'Element Text Should Be' found both from a custom library 'SeleniumLibrary' and a standard library 'XML'. The custom keyword is used. To select explicitly, and to get rid of this warning, use either 'SeleniumLibrary.Element Text Should Be' or 'XML.Element Text Should Be'.</msg>
<msg timestamp="20220530 21:07:51.937" level="WARN">Keyword 'Element Text Should Be' found both from a custom library 'SeleniumLibrary' and a standard library 'XML'. The custom keyword is used. To select explicitly, and to get rid of this warning, use either 'SeleniumLibrary.Element Text Should Be' or 'XML.Element Text Should Be'.</msg>
<msg timestamp="20220530 21:07:56.967" level="WARN">Keyword 'Element Text Should Be' found both from a custom library 'SeleniumLibrary' and a standard library 'XML'. The custom keyword is used. To select explicitly, and to get rid of this warning, use either 'SeleniumLibrary.Element Text Should Be' or 'XML.Element Text Should Be'.</msg>
<msg timestamp="20220530 21:08:01.820" level="WARN">Keyword 'Element Text Should Be' found both from a custom library 'SeleniumLibrary' and a standard library 'XML'. The custom keyword is used. To select explicitly, and to get rid of this warning, use either 'SeleniumLibrary.Element Text Should Be' or 'XML.Element Text Should Be'.</msg>
<msg timestamp="20220530 21:08:07.229" level="WARN">Keyword 'Element Text Should Be' found both from a custom library 'SeleniumLibrary' and a standard library 'XML'. The custom keyword is used. To select explicitly, and to get rid of this warning, use either 'SeleniumLibrary.Element Text Should Be' or 'XML.Element Text Should Be'.</msg>
<msg timestamp="20220530 21:08:12.174" level="WARN">Keyword 'Element Text Should Be' found both from a custom library 'SeleniumLibrary' and a standard library 'XML'. The custom keyword is used. To select explicitly, and to get rid of this warning, use either 'SeleniumLibrary.Element Text Should Be' or 'XML.Element Text Should Be'.</msg>
</errors>
</robot>
